2023-08-15 22:49:02.815 [main] WARN  c.a.n.client.logging.NacosLogging - Load Logback Configuration of Nacos fail, message: Could not initialize Logback Nacos logging from classpath:nacos-logback.xml
2023-08-15 22:49:02.819 [background-preinit] INFO  o.h.validator.internal.util.Version - HV000001: Hibernate Validator 8.0.0.Final
2023-08-15 22:49:02.856 [main] WARN  c.a.n.client.logging.NacosLogging - Load Logback Configuration of Nacos fail, message: Could not initialize Logback Nacos logging from classpath:nacos-logback.xml
2023-08-15 22:49:02.954 [main] WARN  c.a.n.client.logging.NacosLogging - Load Logback Configuration of Nacos fail, message: Could not initialize Logback Nacos logging from classpath:nacos-logback.xml
2023-08-15 22:49:02.955 [main] INFO  c.a.nacos.client.utils.ParamUtil - [settings] [req-serv] nacos-server port:8848
2023-08-15 22:49:02.955 [main] INFO  c.a.nacos.client.utils.ParamUtil - [settings] [http-client] connect timeout:1000
2023-08-15 22:49:02.956 [main] INFO  c.a.nacos.client.utils.ParamUtil - PER_TASK_CONFIG_SIZE: 3000.0
2023-08-15 22:49:02.977 [main] INFO  c.a.n.p.a.s.c.ClientAuthPluginManager - [ClientAuthPluginManager] Load ClientAuthService com.alibaba.nacos.client.auth.impl.NacosClientAuthServiceImpl success.
2023-08-15 22:49:02.977 [main] INFO  c.a.n.p.a.s.c.ClientAuthPluginManager - [ClientAuthPluginManager] Load ClientAuthService com.alibaba.nacos.client.auth.ram.RamClientAuthServiceImpl success.
2023-08-15 22:49:02.992 [main] INFO  c.a.n.c.a.r.i.CredentialWatcher - null No credential found
2023-08-15 22:49:03.038 [main] WARN  c.a.n.client.logging.NacosLogging - Load Logback Configuration of Nacos fail, message: Could not initialize Logback Nacos logging from classpath:nacos-logback.xml
2023-08-15 22:49:03.045 [main] INFO  c.a.n.c.c.i.LocalConfigInfoProcessor - LOCAL_SNAPSHOT_PATH:/Users/lihaohui/nacos/config
2023-08-15 22:49:03.048 [main] INFO  c.alibaba.nacos.common.remote.client - [RpcClientFactory] create a new rpc client of c07a9d12-3684-4be1-9dbc-6f25e13e1c94_config-0
2023-08-15 22:49:03.058 [main] INFO  c.alibaba.nacos.common.remote.client - [c07a9d12-3684-4be1-9dbc-6f25e13e1c94_config-0] Register server push request handler:com.alibaba.nacos.client.config.impl.ClientWorker$ConfigRpcTransportClient$$Lambda$563/0x0000000800f67b30
2023-08-15 22:49:03.058 [main] INFO  c.alibaba.nacos.common.remote.client - [c07a9d12-3684-4be1-9dbc-6f25e13e1c94_config-0] Register server push request handler:com.alibaba.nacos.client.config.impl.ClientWorker$ConfigRpcTransportClient$$Lambda$564/0x0000000800f52c00
2023-08-15 22:49:03.059 [main] INFO  c.alibaba.nacos.common.remote.client - [c07a9d12-3684-4be1-9dbc-6f25e13e1c94_config-0] Registry connection listener to current client:com.alibaba.nacos.client.config.impl.ClientWorker$ConfigRpcTransportClient$1
2023-08-15 22:49:03.059 [main] INFO  c.alibaba.nacos.common.remote.client - [c07a9d12-3684-4be1-9dbc-6f25e13e1c94_config-0] RpcClient init, ServerListFactory = com.alibaba.nacos.client.config.impl.ClientWorker$ConfigRpcTransportClient$2
2023-08-15 22:49:03.062 [main] INFO  c.alibaba.nacos.common.remote.client - [c07a9d12-3684-4be1-9dbc-6f25e13e1c94_config-0] Try to connect to server on start up, server: {serverIp = '10.211.55.8', server main port = 8848}
2023-08-15 22:49:03.078 [main] INFO  c.a.n.c.r.client.grpc.GrpcClient - grpc client connection server:10.211.55.8 ip,serverPort:9848,grpcTslConfig:{"sslProvider":"OPENSSL","enableTls":false,"mutualAuthEnable":false,"trustAll":false}
2023-08-15 22:49:03.508 [main] INFO  c.alibaba.nacos.common.remote.client - [c07a9d12-3684-4be1-9dbc-6f25e13e1c94_config-0] Success to connect to server [10.211.55.8:8848] on start up, connectionId = 1692107739943_10.211.55.2_64429
2023-08-15 22:49:03.508 [com.alibaba.nacos.client.remote.worker] INFO  c.alibaba.nacos.common.remote.client - [c07a9d12-3684-4be1-9dbc-6f25e13e1c94_config-0] Notify connected event to listeners.
2023-08-15 22:49:03.508 [com.alibaba.nacos.client.remote.worker] INFO  c.a.n.c.config.impl.ClientWorker - [c07a9d12-3684-4be1-9dbc-6f25e13e1c94_config-0] Connected,notify listen context...
2023-08-15 22:49:03.508 [main] INFO  c.alibaba.nacos.common.remote.client - [c07a9d12-3684-4be1-9dbc-6f25e13e1c94_config-0] Register server push request handler:com.alibaba.nacos.common.remote.client.RpcClient$ConnectResetRequestHandler
2023-08-15 22:49:03.509 [main] INFO  c.alibaba.nacos.common.remote.client - [c07a9d12-3684-4be1-9dbc-6f25e13e1c94_config-0] Register server push request handler:com.alibaba.nacos.common.remote.client.RpcClient$$Lambda$596/0x0000000801100d38
2023-08-15 22:49:03.541 [main] INFO  c.a.nacos.client.config.impl.Limiter - limitTime:5.0
2023-08-15 22:49:03.559 [main] INFO  c.a.n.client.config.utils.JvmUtil - isMultiInstance:false
2023-08-15 22:49:03.567 [main] WARN  c.a.c.n.c.NacosPropertySourceBuilder - Ignore the empty nacos configuration and get it based on dataId[leadnews-article.yml] & group[DEFAULT_GROUP]
2023-08-15 22:49:03.568 [main] INFO  o.s.c.b.c.PropertySourceBootstrapConfiguration - Located property source: [BootstrapPropertySource {name='bootstrapProperties-leadnews-article.yml,DEFAULT_GROUP'}, BootstrapPropertySource {name='bootstrapProperties-leadnews-article,DEFAULT_GROUP'}]
2023-08-15 22:49:03.570 [main] WARN  c.a.n.client.logging.NacosLogging - Load Logback Configuration of Nacos fail, message: Could not initialize Logback Nacos logging from classpath:nacos-logback.xml
2023-08-15 22:49:03.570 [main] INFO  c.l.article.ArticleApplication - No active profile set, falling back to 1 default profile: "default"
2023-08-15 22:49:04.024 [main] INFO  o.s.cloud.context.scope.GenericScope - BeanFactory id=3bc96faa-a44e-3da8-911a-cfd5e13fa807
2023-08-15 22:49:04.177 [main] INFO  o.s.b.w.e.tomcat.TomcatWebServer - Tomcat initialized with port(s): 51901 (http)
2023-08-15 22:49:04.182 [main] INFO  o.a.coyote.http11.Http11NioProtocol - Initializing ProtocolHandler ["http-nio-51901"]
2023-08-15 22:49:04.183 [main] INFO  o.a.catalina.core.StandardService - Starting service [Tomcat]
2023-08-15 22:49:04.183 [main] INFO  o.a.catalina.core.StandardEngine - Starting Servlet engine: [Apache Tomcat/10.1.5]
2023-08-15 22:49:04.249 [main] INFO  o.a.c.c.C.[Tomcat].[localhost].[/] - Initializing Spring embedded WebApplicationContext
2023-08-15 22:49:04.250 [main] INFO  o.s.b.w.s.c.ServletWebServerApplicationContext - Root WebApplicationContext: initialization completed in 671 ms
2023-08-15 22:49:05.319 [main] INFO  o.s.b.a.e.web.EndpointLinksResolver - Exposing 1 endpoint(s) beneath base path '/actuator'
2023-08-15 22:49:05.368 [main] INFO  o.a.coyote.http11.Http11NioProtocol - Starting ProtocolHandler ["http-nio-51901"]
2023-08-15 22:49:05.370 [main] WARN  o.s.b.w.s.c.AnnotationConfigServletWebServerApplicationContext - Exception encountered during context initialization - cancelling refresh attempt: org.springframework.context.ApplicationContextException: Failed to start bean 'webServerStartStop'
2023-08-15 22:49:05.373 [main] INFO  o.a.coyote.http11.Http11NioProtocol - Pausing ProtocolHandler ["http-nio-51901"]
2023-08-15 22:49:05.373 [main] INFO  o.a.catalina.core.StandardService - Stopping service [Tomcat]
2023-08-15 22:49:05.376 [main] INFO  o.a.coyote.http11.Http11NioProtocol - Stopping ProtocolHandler ["http-nio-51901"]
2023-08-15 22:49:05.380 [main] INFO  o.a.coyote.http11.Http11NioProtocol - Destroying ProtocolHandler ["http-nio-51901"]
2023-08-15 22:49:05.391 [main] INFO  o.s.b.a.l.ConditionEvaluationReportLogger - 

Error starting ApplicationContext. To display the condition evaluation report re-run your application with 'debug' enabled.
2023-08-15 22:49:05.399 [main] ERROR o.s.b.d.LoggingFailureAnalysisReporter - 

***************************
APPLICATION FAILED TO START
***************************

Description:

Web server failed to start. Port 51901 was already in use.

Action:

Identify and stop the process that's listening on port 51901 or configure this application to listen on another port.

2023-08-15 22:49:05.399 [Thread-1] WARN  c.a.n.c.http.HttpClientBeanHolder - [HttpClientBeanHolder] Start destroying common HttpClient
2023-08-15 22:49:05.399 [Thread-7] WARN  c.a.nacos.common.notify.NotifyCenter - [NotifyCenter] Start destroying Publisher
2023-08-15 22:49:05.400 [Thread-7] WARN  c.a.nacos.common.notify.NotifyCenter - [NotifyCenter] Destruction of the end
2023-08-15 22:49:05.400 [Thread-1] WARN  c.a.n.c.http.HttpClientBeanHolder - [HttpClientBeanHolder] Destruction of the end
