2023-08-30 14:42:42.391 [main] WARN  c.a.n.client.logging.NacosLogging - Load Logback Configuration of Nacos fail, message: Could not initialize Logback Nacos logging from classpath:nacos-logback.xml
2023-08-30 14:42:42.411 [background-preinit] INFO  o.h.validator.internal.util.Version - HV000001: Hibernate Validator 8.0.0.Final
2023-08-30 14:42:42.463 [main] WARN  c.a.n.client.logging.NacosLogging - Load Logback Configuration of Nacos fail, message: Could not initialize Logback Nacos logging from classpath:nacos-logback.xml
2023-08-30 14:42:43.036 [main] WARN  c.a.n.client.logging.NacosLogging - Load Logback Configuration of Nacos fail, message: Could not initialize Logback Nacos logging from classpath:nacos-logback.xml
2023-08-30 14:42:43.037 [main] INFO  c.a.nacos.client.utils.ParamUtil - [settings] [req-serv] nacos-server port:8848
2023-08-30 14:42:43.037 [main] INFO  c.a.nacos.client.utils.ParamUtil - [settings] [http-client] connect timeout:1000
2023-08-30 14:42:43.038 [main] INFO  c.a.nacos.client.utils.ParamUtil - PER_TASK_CONFIG_SIZE: 3000.0
2023-08-30 14:42:43.077 [main] INFO  c.a.n.p.a.s.c.ClientAuthPluginManager - [ClientAuthPluginManager] Load ClientAuthService com.alibaba.nacos.client.auth.impl.NacosClientAuthServiceImpl success.
2023-08-30 14:42:43.077 [main] INFO  c.a.n.p.a.s.c.ClientAuthPluginManager - [ClientAuthPluginManager] Load ClientAuthService com.alibaba.nacos.client.auth.ram.RamClientAuthServiceImpl success.
2023-08-30 14:42:43.186 [main] INFO  c.a.n.c.a.r.i.CredentialWatcher - null No credential found
2023-08-30 14:42:43.420 [main] WARN  c.a.n.client.logging.NacosLogging - Load Logback Configuration of Nacos fail, message: Could not initialize Logback Nacos logging from classpath:nacos-logback.xml
2023-08-30 14:42:43.431 [main] INFO  c.a.n.c.c.i.LocalConfigInfoProcessor - LOCAL_SNAPSHOT_PATH:/Users/lihaohui/nacos/config
2023-08-30 14:42:43.433 [main] INFO  c.alibaba.nacos.common.remote.client - [RpcClientFactory] create a new rpc client of bad3e91f-5404-4f6a-8018-b16ecbab4897_config-0
2023-08-30 14:42:43.449 [main] INFO  c.alibaba.nacos.common.remote.client - [bad3e91f-5404-4f6a-8018-b16ecbab4897_config-0] Register server push request handler:com.alibaba.nacos.client.config.impl.ClientWorker$ConfigRpcTransportClient$$Lambda$575/0x0000000800f70670
2023-08-30 14:42:43.456 [main] INFO  c.alibaba.nacos.common.remote.client - [bad3e91f-5404-4f6a-8018-b16ecbab4897_config-0] Register server push request handler:com.alibaba.nacos.client.config.impl.ClientWorker$ConfigRpcTransportClient$$Lambda$576/0x0000000800f70aa0
2023-08-30 14:42:43.459 [main] INFO  c.alibaba.nacos.common.remote.client - [bad3e91f-5404-4f6a-8018-b16ecbab4897_config-0] Registry connection listener to current client:com.alibaba.nacos.client.config.impl.ClientWorker$ConfigRpcTransportClient$1
2023-08-30 14:42:43.460 [main] INFO  c.alibaba.nacos.common.remote.client - [bad3e91f-5404-4f6a-8018-b16ecbab4897_config-0] RpcClient init, ServerListFactory = com.alibaba.nacos.client.config.impl.ClientWorker$ConfigRpcTransportClient$2
2023-08-30 14:42:43.484 [main] INFO  c.alibaba.nacos.common.remote.client - [bad3e91f-5404-4f6a-8018-b16ecbab4897_config-0] Try to connect to server on start up, server: {serverIp = '10.211.55.8', server main port = 8848}
2023-08-30 14:42:43.533 [main] INFO  c.a.n.c.r.client.grpc.GrpcClient - grpc client connection server:10.211.55.8 ip,serverPort:9848,grpcTslConfig:{"sslProvider":"OPENSSL","enableTls":false,"mutualAuthEnable":false,"trustAll":false}
2023-08-30 14:42:44.229 [main] INFO  c.alibaba.nacos.common.remote.client - [bad3e91f-5404-4f6a-8018-b16ecbab4897_config-0] Success to connect to server [10.211.55.8:8848] on start up, connectionId = 1693377764185_10.211.55.2_52036
2023-08-30 14:42:44.230 [com.alibaba.nacos.client.remote.worker] INFO  c.alibaba.nacos.common.remote.client - [bad3e91f-5404-4f6a-8018-b16ecbab4897_config-0] Notify connected event to listeners.
2023-08-30 14:42:44.230 [main] INFO  c.alibaba.nacos.common.remote.client - [bad3e91f-5404-4f6a-8018-b16ecbab4897_config-0] Register server push request handler:com.alibaba.nacos.common.remote.client.RpcClient$ConnectResetRequestHandler
2023-08-30 14:42:44.230 [com.alibaba.nacos.client.remote.worker] INFO  c.a.n.c.config.impl.ClientWorker - [bad3e91f-5404-4f6a-8018-b16ecbab4897_config-0] Connected,notify listen context...
2023-08-30 14:42:44.231 [main] INFO  c.alibaba.nacos.common.remote.client - [bad3e91f-5404-4f6a-8018-b16ecbab4897_config-0] Register server push request handler:com.alibaba.nacos.common.remote.client.RpcClient$$Lambda$596/0x0000000801103d90
2023-08-30 14:42:44.257 [main] INFO  c.a.nacos.client.config.impl.Limiter - limitTime:5.0
2023-08-30 14:42:44.315 [main] INFO  c.a.n.client.config.utils.JvmUtil - isMultiInstance:false
2023-08-30 14:42:44.326 [main] WARN  c.a.c.n.c.NacosPropertySourceBuilder - Ignore the empty nacos configuration and get it based on dataId[leadnews-user.yml] & group[DEFAULT_GROUP]
2023-08-30 14:42:44.326 [main] INFO  o.s.c.b.c.PropertySourceBootstrapConfiguration - Located property source: [BootstrapPropertySource {name='bootstrapProperties-leadnews-user.yml,DEFAULT_GROUP'}, BootstrapPropertySource {name='bootstrapProperties-leadnews-user,DEFAULT_GROUP'}]
2023-08-30 14:42:44.329 [main] WARN  c.a.n.client.logging.NacosLogging - Load Logback Configuration of Nacos fail, message: Could not initialize Logback Nacos logging from classpath:nacos-logback.xml
2023-08-30 14:42:44.330 [main] INFO  com.leadnews.user.UserApplication - No active profile set, falling back to 1 default profile: "default"
2023-08-30 14:42:45.000 [main] INFO  o.s.d.r.c.RepositoryConfigurationDelegate - Bootstrapping Spring Data MongoDB repositories in DEFAULT mode.
2023-08-30 14:42:45.008 [main] INFO  o.s.d.r.c.RepositoryConfigurationDelegate - Finished Spring Data repository scanning in 5 ms. Found 0 MongoDB repository interfaces.
2023-08-30 14:42:45.197 [main] INFO  o.s.cloud.context.scope.GenericScope - BeanFactory id=3d9c4769-486c-30d3-8871-b16ed2002e41
2023-08-30 14:42:45.657 [main] INFO  o.s.b.w.e.tomcat.TomcatWebServer - Tomcat initialized with port(s): 51801 (http)
2023-08-30 14:42:45.668 [main] INFO  o.a.coyote.http11.Http11NioProtocol - Initializing ProtocolHandler ["http-nio-51801"]
2023-08-30 14:42:45.669 [main] INFO  o.a.catalina.core.StandardService - Starting service [Tomcat]
2023-08-30 14:42:45.669 [main] INFO  o.a.catalina.core.StandardEngine - Starting Servlet engine: [Apache Tomcat/10.1.5]
2023-08-30 14:42:45.802 [main] INFO  o.a.c.c.C.[Tomcat].[localhost].[/] - Initializing Spring embedded WebApplicationContext
2023-08-30 14:42:45.802 [main] INFO  o.s.b.w.s.c.ServletWebServerApplicationContext - Root WebApplicationContext: initialization completed in 1463 ms
2023-08-30 14:42:47.304 [cluster-ClusterId{value='64eee4e75cebd37bf2b9ad80', description='null'}-localhost:27017] INFO  org.mongodb.driver.cluster - Exception in monitor thread while connecting to server localhost:27017
com.mongodb.MongoSocketOpenException: Exception opening socket
	at com.mongodb.internal.connection.SocketStream.open(SocketStream.java:73)
	at com.mongodb.internal.connection.InternalStreamConnection.open(InternalStreamConnection.java:183)
	at com.mongodb.internal.connection.DefaultServerMonitor$ServerMonitorRunnable.lookupServerDescription(DefaultServerMonitor.java:198)
	at com.mongodb.internal.connection.DefaultServerMonitor$ServerMonitorRunnable.run(DefaultServerMonitor.java:158)
	at java.base/java.lang.Thread.run(Thread.java:833)
Caused by: java.net.ConnectException: Connection refused
	at java.base/sun.nio.ch.Net.pollConnect(Native Method)
	at java.base/sun.nio.ch.Net.pollConnectNow(Net.java:672)
	at java.base/sun.nio.ch.NioSocketImpl.timedFinishConnect(NioSocketImpl.java:549)
	at java.base/sun.nio.ch.NioSocketImpl.connect(NioSocketImpl.java:597)
	at java.base/java.net.SocksSocketImpl.connect(SocksSocketImpl.java:327)
	at java.base/java.net.Socket.connect(Socket.java:633)
	at com.mongodb.internal.connection.SocketStreamHelper.initialize(SocketStreamHelper.java:107)
	at com.mongodb.internal.connection.SocketStream.initializeSocket(SocketStream.java:82)
	at com.mongodb.internal.connection.SocketStream.open(SocketStream.java:68)
	... 4 common frames omitted
2023-08-30 14:42:47.307 [main] INFO  org.mongodb.driver.client - MongoClient with metadata {"driver": {"name": "mongo-java-driver|sync|spring-boot", "version": "4.8.2"}, "os": {"type": "Darwin", "name": "Mac OS X", "architecture": "aarch64", "version": "14.0"}, "platform": "Java/Oracle Corporation/17.0.7+8-LTS-224"} created with settings MongoClientSettings{readPreference=primary, writeConcern=WriteConcern{w=null, wTimeout=null ms, journal=null}, retryWrites=true, retryReads=true, readConcern=ReadConcern{level=null}, credential=null, streamFactoryFactory=null, commandListeners=[], codecRegistry=ProvidersCodecRegistry{codecProviders=[ValueCodecProvider{}, BsonValueCodecProvider{}, DBRefCodecProvider{}, DBObjectCodecProvider{}, DocumentCodecProvider{}, CollectionCodecProvider{}, IterableCodecProvider{}, MapCodecProvider{}, GeoJsonCodecProvider{}, GridFSFileCodecProvider{}, Jsr310CodecProvider{}, JsonObjectCodecProvider{}, BsonCodecProvider{}, EnumCodecProvider{}, com.mongodb.Jep395RecordCodecProvider@2213854b]}, clusterSettings={hosts=[localhost:27017], srvServiceName=mongodb, mode=SINGLE, requiredClusterType=UNKNOWN, requiredReplicaSetName='null', serverSelector='null', clusterListeners='[]', serverSelectionTimeout='30000 ms', localThreshold='30000 ms'}, socketSettings=SocketSettings{connectTimeoutMS=10000, readTimeoutMS=0, receiveBufferSize=0, sendBufferSize=0}, heartbeatSocketSettings=SocketSettings{connectTimeoutMS=10000, readTimeoutMS=10000, receiveBufferSize=0, sendBufferSize=0}, connectionPoolSettings=ConnectionPoolSettings{maxSize=100, minSize=0, maxWaitTimeMS=120000, maxConnectionLifeTimeMS=0, maxConnectionIdleTimeMS=0, maintenanceInitialDelayMS=0, maintenanceFrequencyMS=60000, connectionPoolListeners=[], maxConnecting=2}, serverSettings=ServerSettings{heartbeatFrequencyMS=10000, minHeartbeatFrequencyMS=500, serverListeners='[]', serverMonitorListeners='[]'}, sslSettings=SslSettings{enabled=false, invalidHostNameAllowed=false, context=null}, applicationName='null', compressorList=[], uuidRepresentation=JAVA_LEGACY, serverApi=null, autoEncryptionSettings=null, contextProvider=null}
2023-08-30 14:42:47.564 [main] WARN  o.s.c.l.c.LoadBalancerCacheAutoConfiguration$LoadBalancerCaffeineWarnLogger - Spring Cloud LoadBalancer is currently working with the default cache. While this cache implementation is useful for development and tests, it's recommended to use Caffeine cache in production.You can switch to using Caffeine cache, by adding it and org.springframework.cache.caffeine.CaffeineCacheManager to the classpath.
2023-08-30 14:42:47.651 [main] INFO  o.a.coyote.http11.Http11NioProtocol - Starting ProtocolHandler ["http-nio-51801"]
2023-08-30 14:42:47.662 [main] INFO  o.s.b.w.e.tomcat.TomcatWebServer - Tomcat started on port(s): 51801 (http) with context path ''
2023-08-30 14:42:47.667 [main] INFO  com.alibaba.nacos.client.naming - initializer namespace from ans.namespace attribute : null
2023-08-30 14:42:47.667 [main] INFO  com.alibaba.nacos.client.naming - initializer namespace from ALIBABA_ALIWARE_NAMESPACE attribute :null
2023-08-30 14:42:47.668 [main] INFO  com.alibaba.nacos.client.naming - initializer namespace from namespace attribute :null
2023-08-30 14:42:47.690 [main] INFO  c.a.n.p.a.s.c.ClientAuthPluginManager - [ClientAuthPluginManager] Load ClientAuthService com.alibaba.nacos.client.auth.impl.NacosClientAuthServiceImpl success.
2023-08-30 14:42:47.690 [main] INFO  c.a.n.p.a.s.c.ClientAuthPluginManager - [ClientAuthPluginManager] Load ClientAuthService com.alibaba.nacos.client.auth.ram.RamClientAuthServiceImpl success.
2023-08-30 14:42:47.698 [main] INFO  c.alibaba.nacos.common.remote.client - [RpcClientFactory] create a new rpc client of 78750826-f451-45dd-976d-be75a235b685
2023-08-30 14:42:47.703 [main] INFO  c.alibaba.nacos.common.remote.client - [78750826-f451-45dd-976d-be75a235b685] RpcClient init, ServerListFactory = com.alibaba.nacos.client.naming.core.ServerListManager
2023-08-30 14:42:47.703 [main] INFO  c.alibaba.nacos.common.remote.client - [78750826-f451-45dd-976d-be75a235b685] Registry connection listener to current client:com.alibaba.nacos.client.naming.remote.gprc.redo.NamingGrpcRedoService
2023-08-30 14:42:47.703 [main] INFO  c.alibaba.nacos.common.remote.client - [78750826-f451-45dd-976d-be75a235b685] Register server push request handler:com.alibaba.nacos.client.naming.remote.gprc.NamingPushRequestHandler
2023-08-30 14:42:47.704 [main] INFO  c.alibaba.nacos.common.remote.client - [78750826-f451-45dd-976d-be75a235b685] Try to connect to server on start up, server: {serverIp = '10.211.55.8', server main port = 8848}
2023-08-30 14:42:47.704 [main] INFO  c.a.n.c.r.client.grpc.GrpcClient - grpc client connection server:10.211.55.8 ip,serverPort:9848,grpcTslConfig:{"sslProvider":"OPENSSL","enableTls":false,"mutualAuthEnable":false,"trustAll":false}
2023-08-30 14:42:47.852 [main] INFO  c.alibaba.nacos.common.remote.client - [78750826-f451-45dd-976d-be75a235b685] Success to connect to server [10.211.55.8:8848] on start up, connectionId = 1693377767841_10.211.55.2_52084
2023-08-30 14:42:47.852 [main] INFO  c.alibaba.nacos.common.remote.client - [78750826-f451-45dd-976d-be75a235b685] Register server push request handler:com.alibaba.nacos.common.remote.client.RpcClient$ConnectResetRequestHandler
2023-08-30 14:42:47.852 [main] INFO  c.alibaba.nacos.common.remote.client - [78750826-f451-45dd-976d-be75a235b685] Register server push request handler:com.alibaba.nacos.common.remote.client.RpcClient$$Lambda$596/0x0000000801103d90
2023-08-30 14:42:47.852 [com.alibaba.nacos.client.remote.worker] INFO  c.alibaba.nacos.common.remote.client - [78750826-f451-45dd-976d-be75a235b685] Notify connected event to listeners.
2023-08-30 14:42:47.852 [com.alibaba.nacos.client.remote.worker] INFO  com.alibaba.nacos.client.naming - Grpc connection connect
2023-08-30 14:42:47.853 [main] INFO  com.alibaba.nacos.client.naming - [REGISTER-SERVICE] 4e85b1a4-8d96-4c12-8631-7c0473ed1614 registering service leadnews-user with instance Instance{instanceId='null', ip='192.168.10.4', port=51801, weight=1.0, healthy=true, enabled=true, ephemeral=true, clusterName='DEFAULT', serviceName='null', metadata={IPv6=[2409:8a55:d910:5304:5907:2f68:7193:279], preserved.register.source=SPRING_CLOUD}}
2023-08-30 14:42:47.862 [main] INFO  c.a.c.n.r.NacosServiceRegistry - nacos registry, DEFAULT_GROUP leadnews-user 192.168.10.4:51801 register finished
2023-08-30 14:42:47.875 [main] INFO  com.leadnews.user.UserApplication - Started UserApplication in 6.159 seconds (process running for 7.224)
2023-08-30 14:42:47.877 [main] INFO  c.a.n.client.config.impl.CacheData - nacos.cache.data.init.snapshot = true 
2023-08-30 14:42:47.878 [main] INFO  c.a.n.c.config.impl.ClientWorker - [fixed-4e85b1a4-8d96-4c12-8631-7c0473ed1614-10.211.55.8_8848] [subscribe] leadnews-user+DEFAULT_GROUP+4e85b1a4-8d96-4c12-8631-7c0473ed1614
2023-08-30 14:42:47.882 [main] INFO  c.a.n.client.config.impl.CacheData - [fixed-4e85b1a4-8d96-4c12-8631-7c0473ed1614-10.211.55.8_8848] [add-listener] ok, tenant=4e85b1a4-8d96-4c12-8631-7c0473ed1614, dataId=leadnews-user, group=DEFAULT_GROUP, cnt=1
2023-08-30 14:42:47.882 [main] INFO  c.a.c.n.r.NacosContextRefresher - [Nacos Config] Listening config: dataId=leadnews-user, group=DEFAULT_GROUP
2023-08-30 14:42:47.883 [main] INFO  c.a.n.c.config.impl.ClientWorker - [fixed-4e85b1a4-8d96-4c12-8631-7c0473ed1614-10.211.55.8_8848] [subscribe] leadnews-user.yml+DEFAULT_GROUP+4e85b1a4-8d96-4c12-8631-7c0473ed1614
2023-08-30 14:42:47.883 [main] INFO  c.a.n.client.config.impl.CacheData - [fixed-4e85b1a4-8d96-4c12-8631-7c0473ed1614-10.211.55.8_8848] [add-listener] ok, tenant=4e85b1a4-8d96-4c12-8631-7c0473ed1614, dataId=leadnews-user.yml, group=DEFAULT_GROUP, cnt=1
2023-08-30 14:42:47.883 [main] INFO  c.a.c.n.r.NacosContextRefresher - [Nacos Config] Listening config: dataId=leadnews-user.yml, group=DEFAULT_GROUP
2023-08-30 14:42:47.884 [main] INFO  com.leadnews.user.UserApplication - 
----------------------------------------------------------
	Application 'leadnews-user' is running! Access URLs:
	Local: 		http://localhost:51801
	External: 	http://127.0.0.1:51801
	Doc: 	http://127.0.0.1:51801/doc.html
----------------------------------------------------------
2023-08-30 15:40:00.725 [http-nio-51801-exec-1] INFO  o.a.c.c.C.[Tomcat].[localhost].[/] - Initializing Spring DispatcherServlet 'dispatcherServlet'
2023-08-30 15:40:00.726 [http-nio-51801-exec-1] INFO  o.s.web.servlet.DispatcherServlet - Initializing Servlet 'dispatcherServlet'
2023-08-30 15:40:00.735 [http-nio-51801-exec-1] INFO  o.s.web.servlet.DispatcherServlet - Completed initialization in 9 ms
2023-08-30 15:40:00.810 [http-nio-51801-exec-1] WARN  c.b.m.c.t.support.ReflectLambdaMeta - Unable to make field private final java.lang.Class java.lang.invoke.SerializedLambda.capturingClass accessible: module java.base does not "opens java.lang.invoke" to unnamed module @479d31f3
2023-08-30 15:40:00.819 [http-nio-51801-exec-1] INFO  com.zaxxer.hikari.HikariDataSource - HikariPool-1 - Starting...
2023-08-30 15:40:00.988 [http-nio-51801-exec-1] INFO  com.zaxxer.hikari.pool.HikariPool - HikariPool-1 - Added connection com.mysql.cj.jdbc.ConnectionImpl@34f27eb0
2023-08-30 15:40:00.989 [http-nio-51801-exec-1] INFO  com.zaxxer.hikari.HikariDataSource - HikariPool-1 - Start completed.
2023-08-30 19:15:20.759 [HikariPool-1 housekeeper] WARN  com.zaxxer.hikari.pool.HikariPool - HikariPool-1 - Thread starvation or clock leap detected (housekeeper delta=7m47s793ms).
2023-08-30 19:17:19.880 [HikariPool-1 housekeeper] WARN  com.zaxxer.hikari.pool.HikariPool - HikariPool-1 - Thread starvation or clock leap detected (housekeeper delta=1m59s122ms).
2023-08-30 19:18:35.881 [HikariPool-1 housekeeper] WARN  com.zaxxer.hikari.pool.HikariPool - HikariPool-1 - Thread starvation or clock leap detected (housekeeper delta=1m16s2ms).
2023-08-30 19:21:11.013 [HikariPool-1 housekeeper] WARN  com.zaxxer.hikari.pool.HikariPool - HikariPool-1 - Thread starvation or clock leap detected (housekeeper delta=2m35s131ms).
2023-08-30 19:32:20.183 [HikariPool-1 housekeeper] WARN  com.zaxxer.hikari.pool.HikariPool - HikariPool-1 - Thread starvation or clock leap detected (housekeeper delta=11m9s166ms).
2023-08-30 20:46:10.516 [HikariPool-1 housekeeper] WARN  com.zaxxer.hikari.pool.HikariPool - HikariPool-1 - Thread starvation or clock leap detected (housekeeper delta=16m19s855ms).
2023-08-30 21:02:30.478 [HikariPool-1 housekeeper] WARN  com.zaxxer.hikari.pool.HikariPool - HikariPool-1 - Thread starvation or clock leap detected (housekeeper delta=16m19s962ms).
2023-08-30 21:19:40.197 [HikariPool-1 housekeeper] WARN  com.zaxxer.hikari.pool.HikariPool - HikariPool-1 - Thread starvation or clock leap detected (housekeeper delta=17m9s719ms).
2023-08-30 21:51:50.060 [HikariPool-1 housekeeper] WARN  com.zaxxer.hikari.pool.HikariPool - HikariPool-1 - Thread starvation or clock leap detected (housekeeper delta=32m9s864ms).
2023-08-30 21:53:20.067 [HikariPool-1 housekeeper] WARN  com.zaxxer.hikari.pool.HikariPool - HikariPool-1 - Thread starvation or clock leap detected (housekeeper delta=1m30s7ms).
2023-08-30 22:12:48.844 [HikariPool-1 housekeeper] WARN  com.zaxxer.hikari.pool.HikariPool - HikariPool-1 - Thread starvation or clock leap detected (housekeeper delta=19m28s672ms).
