2023-08-16 00:10:55.834 [HikariPool-1 housekeeper] WARN  com.zaxxer.hikari.pool.HikariPool - HikariPool-1 - Thread starvation or clock leap detected (housekeeper delta=49m37s254ms).
2023-08-16 00:16:43.142 [HikariPool-1 housekeeper] WARN  com.zaxxer.hikari.pool.HikariPool - HikariPool-1 - Thread starvation or clock leap detected (housekeeper delta=5m12s974ms).
2023-08-16 00:32:47.741 [HikariPool-1 housekeeper] WARN  com.zaxxer.hikari.pool.HikariPool - HikariPool-1 - Thread starvation or clock leap detected (housekeeper delta=16m4s599ms).
2023-08-16 00:36:20.636 [HikariPool-1 housekeeper] WARN  com.zaxxer.hikari.pool.HikariPool - HikariPool-1 - Thread starvation or clock leap detected (housekeeper delta=3m32s895ms).
2023-08-16 00:41:57.837 [HikariPool-1 housekeeper] WARN  com.zaxxer.hikari.pool.HikariPool - HikariPool-1 - Thread starvation or clock leap detected (housekeeper delta=5m37s201ms).
2023-08-16 00:48:19.522 [HikariPool-1 housekeeper] WARN  com.zaxxer.hikari.pool.HikariPool - HikariPool-1 - Thread starvation or clock leap detected (housekeeper delta=5m12s990ms).
2023-08-16 01:23:52.813 [HikariPool-1 housekeeper] WARN  com.zaxxer.hikari.pool.HikariPool - HikariPool-1 - Thread starvation or clock leap detected (housekeeper delta=35m33s291ms).
2023-08-16 01:29:05.801 [HikariPool-1 housekeeper] WARN  com.zaxxer.hikari.pool.HikariPool - HikariPool-1 - Thread starvation or clock leap detected (housekeeper delta=5m12s988ms).
2023-08-16 02:21:04.561 [HikariPool-1 housekeeper] WARN  com.zaxxer.hikari.pool.HikariPool - HikariPool-1 - Thread starvation or clock leap detected (housekeeper delta=51m58s759ms).
2023-08-16 02:33:07.160 [HikariPool-1 housekeeper] WARN  com.zaxxer.hikari.pool.HikariPool - HikariPool-1 - Thread starvation or clock leap detected (housekeeper delta=12m2s600ms).
2023-08-16 05:08:50.984 [HikariPool-1 housekeeper] WARN  com.zaxxer.hikari.pool.HikariPool - HikariPool-1 - Thread starvation or clock leap detected (housekeeper delta=5m12s921ms).
2023-08-16 05:15:51.487 [Thread-1] WARN  c.a.n.c.http.HttpClientBeanHolder - [HttpClientBeanHolder] Start destroying common HttpClient
2023-08-16 05:15:51.487 [Thread-7] WARN  c.a.nacos.common.notify.NotifyCenter - [NotifyCenter] Start destroying Publisher
2023-08-16 05:15:51.488 [Thread-7] WARN  c.a.nacos.common.notify.NotifyCenter - [NotifyCenter] Destruction of the end
2023-08-16 05:15:51.489 [Thread-1] WARN  c.a.n.c.http.HttpClientBeanHolder - [HttpClientBeanHolder] Destruction of the end
2023-08-16 05:15:52.521 [SpringApplicationShutdownHook] INFO  c.a.c.n.r.NacosServiceRegistry - De-registering from Nacos Server now...
2023-08-16 05:15:52.521 [SpringApplicationShutdownHook] INFO  com.alibaba.nacos.client.naming - [DEREGISTER-SERVICE] 4e85b1a4-8d96-4c12-8631-7c0473ed1614 deregistering service leadnews-user with instance: Instance{instanceId='null', ip='192.168.10.4', port=51801, weight=1.0, healthy=true, enabled=true, ephemeral=true, clusterName='DEFAULT', serviceName='null', metadata={}}
2023-08-16 05:15:52.525 [SpringApplicationShutdownHook] INFO  c.a.c.n.r.NacosServiceRegistry - De-registration finished.
2023-08-16 05:15:52.526 [SpringApplicationShutdownHook] INFO  com.alibaba.nacos.client.naming - com.alibaba.nacos.client.naming.cache.ServiceInfoHolder do shutdown begin
2023-08-16 05:15:52.526 [SpringApplicationShutdownHook] INFO  com.alibaba.nacos.client.naming - com.alibaba.nacos.client.naming.backups.FailoverReactor do shutdown begin
2023-08-16 05:15:52.526 [SpringApplicationShutdownHook] INFO  com.alibaba.nacos.client.naming - com.alibaba.nacos.client.naming.backups.FailoverReactor do shutdown stop
2023-08-16 05:15:52.526 [SpringApplicationShutdownHook] INFO  com.alibaba.nacos.client.naming - com.alibaba.nacos.client.naming.cache.ServiceInfoHolder do shutdown stop
2023-08-16 05:15:52.526 [SpringApplicationShutdownHook] INFO  com.alibaba.nacos.client.naming - com.alibaba.nacos.client.naming.remote.NamingClientProxyDelegate do shutdown begin
2023-08-16 05:15:52.526 [SpringApplicationShutdownHook] INFO  com.alibaba.nacos.client.naming - com.alibaba.nacos.client.naming.core.ServiceInfoUpdateService do shutdown begin
2023-08-16 05:15:52.526 [SpringApplicationShutdownHook] INFO  com.alibaba.nacos.client.naming - com.alibaba.nacos.client.naming.core.ServiceInfoUpdateService do shutdown stop
2023-08-16 05:15:52.526 [SpringApplicationShutdownHook] INFO  com.alibaba.nacos.client.naming - com.alibaba.nacos.client.naming.core.ServerListManager do shutdown begin
2023-08-16 05:15:52.526 [SpringApplicationShutdownHook] WARN  com.alibaba.nacos.client.naming - [NamingHttpClientManager] Start destroying NacosRestTemplate
2023-08-16 05:15:52.526 [SpringApplicationShutdownHook] WARN  com.alibaba.nacos.client.naming - [NamingHttpClientManager] Destruction of the end
2023-08-16 05:15:52.526 [SpringApplicationShutdownHook] INFO  com.alibaba.nacos.client.naming - com.alibaba.nacos.client.naming.core.ServerListManager do shutdown stop
2023-08-16 05:15:52.526 [SpringApplicationShutdownHook] INFO  com.alibaba.nacos.client.naming - com.alibaba.nacos.client.naming.remote.http.NamingHttpClientProxy do shutdown begin
2023-08-16 05:15:52.526 [SpringApplicationShutdownHook] WARN  com.alibaba.nacos.client.naming - [NamingHttpClientManager] Start destroying NacosRestTemplate
2023-08-16 05:15:52.526 [SpringApplicationShutdownHook] WARN  com.alibaba.nacos.client.naming - [NamingHttpClientManager] Destruction of the end
2023-08-16 05:15:52.526 [SpringApplicationShutdownHook] INFO  com.alibaba.nacos.client.naming - com.alibaba.nacos.client.naming.remote.http.NamingHttpClientProxy do shutdown stop
2023-08-16 05:15:52.526 [SpringApplicationShutdownHook] INFO  c.alibaba.nacos.common.remote.client - Shutdown rpc client, set status to shutdown
2023-08-16 05:15:52.526 [SpringApplicationShutdownHook] INFO  c.alibaba.nacos.common.remote.client - Shutdown client event executor java.util.concurrent.ScheduledThreadPoolExecutor@16818448[Running, pool size = 2, active threads = 2, queued tasks = 0, completed tasks = 0]
2023-08-16 05:15:52.527 [SpringApplicationShutdownHook] INFO  c.alibaba.nacos.common.remote.client - Close current connection 1692107758118_10.211.55.2_64518
2023-08-16 05:15:52.535 [nacos-grpc-client-executor-10.211.55.8-2976] WARN  c.a.n.c.r.client.grpc.GrpcClient - [1692107758118_10.211.55.2_64518]Ignore error event,isRunning:false,isAbandon=false
2023-08-16 05:15:52.538 [SpringApplicationShutdownHook] INFO  c.a.n.c.r.client.grpc.GrpcClient - Shutdown grpc executor java.util.concurrent.ThreadPoolExecutor@12d5eab3[Running, pool size = 5, active threads = 0, queued tasks = 0, completed tasks = 2977]
2023-08-16 05:15:52.538 [SpringApplicationShutdownHook] INFO  com.alibaba.nacos.client.naming - Shutdown grpc redo service executor java.util.concurrent.ScheduledThreadPoolExecutor@65497e60[Running, pool size = 1, active threads = 0, queued tasks = 1, completed tasks = 3831]
2023-08-16 05:15:52.540 [SpringApplicationShutdownHook] INFO  c.a.n.c.a.r.i.CredentialWatcher - [null] CredentialWatcher is stopped
2023-08-16 05:15:52.540 [SpringApplicationShutdownHook] INFO  c.a.n.c.a.r.i.CredentialService - [null] CredentialService is freed
2023-08-16 05:15:52.541 [SpringApplicationShutdownHook] INFO  com.alibaba.nacos.client.naming - com.alibaba.nacos.client.naming.remote.NamingClientProxyDelegate do shutdown stop
2023-08-16 05:15:52.543 [SpringApplicationShutdownHook] INFO  com.zaxxer.hikari.HikariDataSource - HikariPool-1 - Shutdown initiated...
2023-08-16 05:15:52.551 [SpringApplicationShutdownHook] INFO  com.zaxxer.hikari.HikariDataSource - HikariPool-1 - Shutdown completed.
