2023-08-21 16:44:18.213 [main] WARN  c.a.n.client.logging.NacosLogging - Load Logback Configuration of Nacos fail, message: Could not initialize Logback Nacos logging from classpath:nacos-logback.xml
2023-08-21 16:44:18.220 [background-preinit] INFO  o.h.validator.internal.util.Version - HV000001: Hibernate Validator 8.0.0.Final
2023-08-21 16:44:18.261 [main] WARN  c.a.n.client.logging.NacosLogging - Load Logback Configuration of Nacos fail, message: Could not initialize Logback Nacos logging from classpath:nacos-logback.xml
2023-08-21 16:44:18.497 [main] WARN  c.a.n.client.logging.NacosLogging - Load Logback Configuration of Nacos fail, message: Could not initialize Logback Nacos logging from classpath:nacos-logback.xml
2023-08-21 16:44:18.499 [main] INFO  c.a.nacos.client.utils.ParamUtil - [settings] [req-serv] nacos-server port:8848
2023-08-21 16:44:18.500 [main] INFO  c.a.nacos.client.utils.ParamUtil - [settings] [http-client] connect timeout:1000
2023-08-21 16:44:18.500 [main] INFO  c.a.nacos.client.utils.ParamUtil - PER_TASK_CONFIG_SIZE: 3000.0
2023-08-21 16:44:18.520 [main] INFO  c.a.n.p.a.s.c.ClientAuthPluginManager - [ClientAuthPluginManager] Load ClientAuthService com.alibaba.nacos.client.auth.impl.NacosClientAuthServiceImpl success.
2023-08-21 16:44:18.521 [main] INFO  c.a.n.p.a.s.c.ClientAuthPluginManager - [ClientAuthPluginManager] Load ClientAuthService com.alibaba.nacos.client.auth.ram.RamClientAuthServiceImpl success.
2023-08-21 16:44:18.541 [main] INFO  c.a.n.c.a.r.i.CredentialWatcher - null No credential found
2023-08-21 16:44:18.598 [main] WARN  c.a.n.client.logging.NacosLogging - Load Logback Configuration of Nacos fail, message: Could not initialize Logback Nacos logging from classpath:nacos-logback.xml
2023-08-21 16:44:18.607 [main] INFO  c.a.n.c.c.i.LocalConfigInfoProcessor - LOCAL_SNAPSHOT_PATH:/Users/lihaohui/nacos/config
2023-08-21 16:44:18.610 [main] INFO  c.alibaba.nacos.common.remote.client - [RpcClientFactory] create a new rpc client of 161c1036-6f1e-4657-9c15-0c230df31417_config-0
2023-08-21 16:44:18.619 [main] INFO  c.alibaba.nacos.common.remote.client - [161c1036-6f1e-4657-9c15-0c230df31417_config-0] Register server push request handler:com.alibaba.nacos.client.config.impl.ClientWorker$ConfigRpcTransportClient$$Lambda$563/0x0000000800f67980
2023-08-21 16:44:18.619 [main] INFO  c.alibaba.nacos.common.remote.client - [161c1036-6f1e-4657-9c15-0c230df31417_config-0] Register server push request handler:com.alibaba.nacos.client.config.impl.ClientWorker$ConfigRpcTransportClient$$Lambda$564/0x0000000800f67db0
2023-08-21 16:44:18.619 [main] INFO  c.alibaba.nacos.common.remote.client - [161c1036-6f1e-4657-9c15-0c230df31417_config-0] Registry connection listener to current client:com.alibaba.nacos.client.config.impl.ClientWorker$ConfigRpcTransportClient$1
2023-08-21 16:44:18.620 [main] INFO  c.alibaba.nacos.common.remote.client - [161c1036-6f1e-4657-9c15-0c230df31417_config-0] RpcClient init, ServerListFactory = com.alibaba.nacos.client.config.impl.ClientWorker$ConfigRpcTransportClient$2
2023-08-21 16:44:18.623 [main] INFO  c.alibaba.nacos.common.remote.client - [161c1036-6f1e-4657-9c15-0c230df31417_config-0] Try to connect to server on start up, server: {serverIp = '10.211.55.8', server main port = 8848}
2023-08-21 16:44:18.640 [main] INFO  c.a.n.c.r.client.grpc.GrpcClient - grpc client connection server:10.211.55.8 ip,serverPort:9848,grpcTslConfig:{"sslProvider":"OPENSSL","enableTls":false,"mutualAuthEnable":false,"trustAll":false}
2023-08-21 16:44:19.074 [main] INFO  c.alibaba.nacos.common.remote.client - [161c1036-6f1e-4657-9c15-0c230df31417_config-0] Success to connect to server [10.211.55.8:8848] on start up, connectionId = 1692521206823_10.211.55.2_52547
2023-08-21 16:44:19.075 [com.alibaba.nacos.client.remote.worker] INFO  c.alibaba.nacos.common.remote.client - [161c1036-6f1e-4657-9c15-0c230df31417_config-0] Notify connected event to listeners.
2023-08-21 16:44:19.075 [com.alibaba.nacos.client.remote.worker] INFO  c.a.n.c.config.impl.ClientWorker - [161c1036-6f1e-4657-9c15-0c230df31417_config-0] Connected,notify listen context...
2023-08-21 16:44:19.075 [main] INFO  c.alibaba.nacos.common.remote.client - [161c1036-6f1e-4657-9c15-0c230df31417_config-0] Register server push request handler:com.alibaba.nacos.common.remote.client.RpcClient$ConnectResetRequestHandler
2023-08-21 16:44:19.076 [main] INFO  c.alibaba.nacos.common.remote.client - [161c1036-6f1e-4657-9c15-0c230df31417_config-0] Register server push request handler:com.alibaba.nacos.common.remote.client.RpcClient$$Lambda$584/0x00000008010bacb8
2023-08-21 16:44:19.105 [main] INFO  c.a.nacos.client.config.impl.Limiter - limitTime:5.0
2023-08-21 16:44:19.129 [main] INFO  c.a.n.client.config.utils.JvmUtil - isMultiInstance:false
2023-08-21 16:44:19.138 [main] WARN  c.a.c.n.c.NacosPropertySourceBuilder - Ignore the empty nacos configuration and get it based on dataId[leadnews-wemedia.yml] & group[DEFAULT_GROUP]
2023-08-21 16:44:19.139 [main] INFO  o.s.c.b.c.PropertySourceBootstrapConfiguration - Located property source: [BootstrapPropertySource {name='bootstrapProperties-leadnews-wemedia.yml,DEFAULT_GROUP'}, BootstrapPropertySource {name='bootstrapProperties-leadnews-wemedia,DEFAULT_GROUP'}]
2023-08-21 16:44:19.148 [main] WARN  c.a.n.client.logging.NacosLogging - Load Logback Configuration of Nacos fail, message: Could not initialize Logback Nacos logging from classpath:nacos-logback.xml
2023-08-21 16:44:19.148 [main] INFO  c.l.wemedia.WeMediaApplication - No active profile set, falling back to 1 default profile: "default"
2023-08-21 16:44:19.700 [main] INFO  o.s.cloud.context.scope.GenericScope - BeanFactory id=79f5c417-6fcf-36cc-aa3e-06d5a409cc56
2023-08-21 16:44:19.892 [main] INFO  o.s.b.w.e.tomcat.TomcatWebServer - Tomcat initialized with port(s): 52001 (http)
2023-08-21 16:44:19.898 [main] INFO  o.a.coyote.http11.Http11NioProtocol - Initializing ProtocolHandler ["http-nio-52001"]
2023-08-21 16:44:19.898 [main] INFO  o.a.catalina.core.StandardService - Starting service [Tomcat]
2023-08-21 16:44:19.898 [main] INFO  o.a.catalina.core.StandardEngine - Starting Servlet engine: [Apache Tomcat/10.1.5]
2023-08-21 16:44:19.950 [main] INFO  o.a.c.c.C.[Tomcat].[localhost].[/] - Initializing Spring embedded WebApplicationContext
2023-08-21 16:44:19.950 [main] INFO  o.s.b.w.s.c.ServletWebServerApplicationContext - Root WebApplicationContext: initialization completed in 793 ms
2023-08-21 16:44:25.973 [main] INFO  o.s.b.a.e.web.EndpointLinksResolver - Exposing 1 endpoint(s) beneath base path '/actuator'
2023-08-21 16:44:26.012 [main] INFO  o.a.coyote.http11.Http11NioProtocol - Starting ProtocolHandler ["http-nio-52001"]
2023-08-21 16:44:26.019 [main] INFO  o.s.b.w.e.tomcat.TomcatWebServer - Tomcat started on port(s): 52001 (http) with context path ''
2023-08-21 16:44:26.021 [main] INFO  com.alibaba.nacos.client.naming - initializer namespace from ans.namespace attribute : null
2023-08-21 16:44:26.021 [main] INFO  com.alibaba.nacos.client.naming - initializer namespace from ALIBABA_ALIWARE_NAMESPACE attribute :null
2023-08-21 16:44:26.022 [main] INFO  com.alibaba.nacos.client.naming - initializer namespace from namespace attribute :null
2023-08-21 16:44:26.026 [main] INFO  c.a.n.p.a.s.c.ClientAuthPluginManager - [ClientAuthPluginManager] Load ClientAuthService com.alibaba.nacos.client.auth.impl.NacosClientAuthServiceImpl success.
2023-08-21 16:44:26.026 [main] INFO  c.a.n.p.a.s.c.ClientAuthPluginManager - [ClientAuthPluginManager] Load ClientAuthService com.alibaba.nacos.client.auth.ram.RamClientAuthServiceImpl success.
2023-08-21 16:44:26.028 [main] INFO  c.alibaba.nacos.common.remote.client - [RpcClientFactory] create a new rpc client of a507ae4f-0afe-46b1-8ee1-2880e7ca1bfa
2023-08-21 16:44:26.029 [main] INFO  c.alibaba.nacos.common.remote.client - [a507ae4f-0afe-46b1-8ee1-2880e7ca1bfa] RpcClient init, ServerListFactory = com.alibaba.nacos.client.naming.core.ServerListManager
2023-08-21 16:44:26.029 [main] INFO  c.alibaba.nacos.common.remote.client - [a507ae4f-0afe-46b1-8ee1-2880e7ca1bfa] Registry connection listener to current client:com.alibaba.nacos.client.naming.remote.gprc.redo.NamingGrpcRedoService
2023-08-21 16:44:26.029 [main] INFO  c.alibaba.nacos.common.remote.client - [a507ae4f-0afe-46b1-8ee1-2880e7ca1bfa] Register server push request handler:com.alibaba.nacos.client.naming.remote.gprc.NamingPushRequestHandler
2023-08-21 16:44:26.029 [main] INFO  c.alibaba.nacos.common.remote.client - [a507ae4f-0afe-46b1-8ee1-2880e7ca1bfa] Try to connect to server on start up, server: {serverIp = '10.211.55.8', server main port = 8848}
2023-08-21 16:44:26.029 [main] INFO  c.a.n.c.r.client.grpc.GrpcClient - grpc client connection server:10.211.55.8 ip,serverPort:9848,grpcTslConfig:{"sslProvider":"OPENSSL","enableTls":false,"mutualAuthEnable":false,"trustAll":false}
2023-08-21 16:44:26.155 [main] INFO  c.alibaba.nacos.common.remote.client - [a507ae4f-0afe-46b1-8ee1-2880e7ca1bfa] Success to connect to server [10.211.55.8:8848] on start up, connectionId = 1692521214530_10.211.55.2_52578
2023-08-21 16:44:26.155 [main] INFO  c.alibaba.nacos.common.remote.client - [a507ae4f-0afe-46b1-8ee1-2880e7ca1bfa] Register server push request handler:com.alibaba.nacos.common.remote.client.RpcClient$ConnectResetRequestHandler
2023-08-21 16:44:26.155 [com.alibaba.nacos.client.remote.worker] INFO  c.alibaba.nacos.common.remote.client - [a507ae4f-0afe-46b1-8ee1-2880e7ca1bfa] Notify connected event to listeners.
2023-08-21 16:44:26.155 [main] INFO  c.alibaba.nacos.common.remote.client - [a507ae4f-0afe-46b1-8ee1-2880e7ca1bfa] Register server push request handler:com.alibaba.nacos.common.remote.client.RpcClient$$Lambda$584/0x00000008010bacb8
2023-08-21 16:44:26.155 [com.alibaba.nacos.client.remote.worker] INFO  com.alibaba.nacos.client.naming - Grpc connection connect
2023-08-21 16:44:26.156 [main] INFO  com.alibaba.nacos.client.naming - [REGISTER-SERVICE] 4e85b1a4-8d96-4c12-8631-7c0473ed1614 registering service leadnews-wemedia with instance Instance{instanceId='null', ip='192.168.10.4', port=52001, weight=1.0, healthy=true, enabled=true, ephemeral=true, clusterName='DEFAULT', serviceName='null', metadata={IPv6=[2409:8a55:d91c:4f04:383b:9689:5684:283e], preserved.register.source=SPRING_CLOUD}}
2023-08-21 16:44:26.172 [main] INFO  c.a.c.n.r.NacosServiceRegistry - nacos registry, DEFAULT_GROUP leadnews-wemedia 192.168.10.4:52001 register finished
2023-08-21 16:44:26.192 [main] INFO  c.l.wemedia.WeMediaApplication - Started WeMediaApplication in 8.327 seconds (process running for 8.768)
2023-08-21 16:44:26.198 [main] INFO  c.a.n.client.config.impl.CacheData - nacos.cache.data.init.snapshot = true 
2023-08-21 16:44:26.198 [main] INFO  c.a.n.c.config.impl.ClientWorker - [fixed-4e85b1a4-8d96-4c12-8631-7c0473ed1614-10.211.55.8_8848] [subscribe] leadnews-wemedia+DEFAULT_GROUP+4e85b1a4-8d96-4c12-8631-7c0473ed1614
2023-08-21 16:44:26.207 [main] INFO  c.a.n.client.config.impl.CacheData - [fixed-4e85b1a4-8d96-4c12-8631-7c0473ed1614-10.211.55.8_8848] [add-listener] ok, tenant=4e85b1a4-8d96-4c12-8631-7c0473ed1614, dataId=leadnews-wemedia, group=DEFAULT_GROUP, cnt=1
2023-08-21 16:44:26.207 [main] INFO  c.a.c.n.r.NacosContextRefresher - [Nacos Config] Listening config: dataId=leadnews-wemedia, group=DEFAULT_GROUP
2023-08-21 16:44:26.207 [main] INFO  c.a.n.c.config.impl.ClientWorker - [fixed-4e85b1a4-8d96-4c12-8631-7c0473ed1614-10.211.55.8_8848] [subscribe] leadnews-wemedia.yml+DEFAULT_GROUP+4e85b1a4-8d96-4c12-8631-7c0473ed1614
2023-08-21 16:44:26.208 [main] INFO  c.a.n.client.config.impl.CacheData - [fixed-4e85b1a4-8d96-4c12-8631-7c0473ed1614-10.211.55.8_8848] [add-listener] ok, tenant=4e85b1a4-8d96-4c12-8631-7c0473ed1614, dataId=leadnews-wemedia.yml, group=DEFAULT_GROUP, cnt=1
2023-08-21 16:44:26.208 [main] INFO  c.a.c.n.r.NacosContextRefresher - [Nacos Config] Listening config: dataId=leadnews-wemedia.yml, group=DEFAULT_GROUP
2023-08-21 16:44:26.209 [main] INFO  c.l.wemedia.WeMediaApplication - 
----------------------------------------------------------
	Application 'leadnews-wemedia' is running! Access URLs:
	Local: 		http://localhost:52001
	External: 	http://192.168.10.4:52001
	Doc: 	http://192.168.10.4:52001/doc.html
----------------------------------------------------------
2023-08-21 16:44:26.472 [RMI TCP Connection(3)-192.168.10.4] INFO  o.a.c.c.C.[Tomcat].[localhost].[/] - Initializing Spring DispatcherServlet 'dispatcherServlet'
2023-08-21 16:44:26.472 [RMI TCP Connection(3)-192.168.10.4] INFO  o.s.web.servlet.DispatcherServlet - Initializing Servlet 'dispatcherServlet'
2023-08-21 16:44:26.473 [RMI TCP Connection(2)-192.168.10.4] INFO  com.zaxxer.hikari.HikariDataSource - HikariPool-1 - Starting...
2023-08-21 16:44:26.473 [RMI TCP Connection(3)-192.168.10.4] INFO  o.s.web.servlet.DispatcherServlet - Completed initialization in 1 ms
2023-08-21 16:44:26.590 [RMI TCP Connection(2)-192.168.10.4] INFO  com.zaxxer.hikari.pool.HikariPool - HikariPool-1 - Added connection com.mysql.cj.jdbc.ConnectionImpl@769a340f
2023-08-21 16:44:26.591 [RMI TCP Connection(2)-192.168.10.4] INFO  com.zaxxer.hikari.HikariDataSource - HikariPool-1 - Start completed.
2023-08-21 17:36:34.510 [HikariPool-1 housekeeper] WARN  com.zaxxer.hikari.pool.HikariPool - HikariPool-1 - Thread starvation or clock leap detected (housekeeper delta=3m32s633ms).
2023-08-21 17:38:37.521 [HikariPool-1 housekeeper] WARN  com.zaxxer.hikari.pool.HikariPool - HikariPool-1 - Thread starvation or clock leap detected (housekeeper delta=2m3s11ms).
2023-08-21 17:43:09.592 [http-nio-52001-exec-1] INFO  o.a.tomcat.util.http.parser.Cookie - A cookie header was received [Hm_lvt_a1ff8825baa73c3a78eb96aa40325abc=1691770180,1692501317,1692583628;] that contained an invalid cookie. That cookie will be ignored.
 Note: further occurrences of this error will be logged at DEBUG level.
2023-08-21 17:43:09.659 [http-nio-52001-exec-1] WARN  c.b.m.c.t.support.ReflectLambdaMeta - Unable to make field private final java.lang.Class java.lang.invoke.SerializedLambda.capturingClass accessible: module java.base does not "opens java.lang.invoke" to unnamed module @61df66b6
2023-08-21 17:43:09.832 [http-nio-52001-exec-1] INFO  c.l.w.interceptor.WmTokenInterceptor - WmUserLocalUtil - 清理
2023-08-21 17:45:59.579 [http-nio-52001-exec-3] INFO  c.l.w.interceptor.WmTokenInterceptor - 将用户id：1102 设置到WmUserLocalUtil中
2023-08-21 17:45:59.597 [http-nio-52001-exec-3] INFO  c.l.w.interceptor.WmTokenInterceptor - WmUserLocalUtil - 清理
2023-08-21 17:46:00.360 [http-nio-52001-exec-4] INFO  c.l.w.interceptor.WmTokenInterceptor - 将用户id：1102 设置到WmUserLocalUtil中
2023-08-21 17:46:00.362 [http-nio-52001-exec-5] INFO  c.l.w.interceptor.WmTokenInterceptor - 将用户id：1102 设置到WmUserLocalUtil中
2023-08-21 17:46:00.373 [http-nio-52001-exec-5] INFO  c.l.w.interceptor.WmTokenInterceptor - WmUserLocalUtil - 清理
2023-08-21 17:46:00.409 [http-nio-52001-exec-4] INFO  c.l.w.interceptor.WmTokenInterceptor - WmUserLocalUtil - 清理
2023-08-21 17:46:04.227 [http-nio-52001-exec-6] INFO  c.l.w.interceptor.WmTokenInterceptor - 将用户id：1102 设置到WmUserLocalUtil中
2023-08-21 17:46:04.236 [http-nio-52001-exec-6] INFO  c.l.w.interceptor.WmTokenInterceptor - WmUserLocalUtil - 清理
2023-08-21 17:46:05.136 [http-nio-52001-exec-7] INFO  c.l.w.interceptor.WmTokenInterceptor - 将用户id：1102 设置到WmUserLocalUtil中
2023-08-21 17:46:05.166 [http-nio-52001-exec-7] INFO  c.l.w.interceptor.WmTokenInterceptor - WmUserLocalUtil - 清理
2023-08-21 17:46:08.393 [http-nio-52001-exec-8] INFO  c.l.w.interceptor.WmTokenInterceptor - 将用户id：1102 设置到WmUserLocalUtil中
2023-08-21 17:46:08.404 [http-nio-52001-exec-8] INFO  c.l.w.interceptor.WmTokenInterceptor - WmUserLocalUtil - 清理
2023-08-21 17:46:10.224 [http-nio-52001-exec-9] INFO  c.l.w.interceptor.WmTokenInterceptor - 将用户id：1102 设置到WmUserLocalUtil中
2023-08-21 17:46:10.254 [http-nio-52001-exec-9] INFO  c.l.w.interceptor.WmTokenInterceptor - WmUserLocalUtil - 清理
2023-08-21 17:46:14.287 [http-nio-52001-exec-10] INFO  c.l.w.interceptor.WmTokenInterceptor - 将用户id：1102 设置到WmUserLocalUtil中
2023-08-21 17:46:14.287 [http-nio-52001-exec-1] INFO  c.l.w.interceptor.WmTokenInterceptor - 将用户id：1102 设置到WmUserLocalUtil中
2023-08-21 17:46:14.293 [http-nio-52001-exec-1] WARN  o.s.c.LocalVariableTableParameterNameDiscoverer - Using deprecated '-debug' fallback for parameter name resolution. Compile the affected code with '-parameters' instead or avoid its introspection: com.leadnews.wemedia.controller.v1.WmNewsController
2023-08-21 17:46:14.299 [http-nio-52001-exec-10] INFO  c.l.w.interceptor.WmTokenInterceptor - WmUserLocalUtil - 清理
2023-08-21 17:46:14.307 [http-nio-52001-exec-1] INFO  c.l.w.interceptor.WmTokenInterceptor - WmUserLocalUtil - 清理
2023-08-21 17:46:16.609 [http-nio-52001-exec-2] INFO  c.l.w.interceptor.WmTokenInterceptor - 将用户id：1102 设置到WmUserLocalUtil中
2023-08-21 17:46:16.683 [http-nio-52001-exec-2] INFO  c.l.w.interceptor.WmTokenInterceptor - WmUserLocalUtil - 清理
2023-08-21 17:46:16.748 [http-nio-52001-exec-3] INFO  c.l.w.interceptor.WmTokenInterceptor - 将用户id：1102 设置到WmUserLocalUtil中
2023-08-21 17:46:16.748 [http-nio-52001-exec-5] INFO  c.l.w.interceptor.WmTokenInterceptor - 将用户id：1102 设置到WmUserLocalUtil中
2023-08-21 17:46:16.762 [http-nio-52001-exec-5] INFO  c.l.w.interceptor.WmTokenInterceptor - WmUserLocalUtil - 清理
2023-08-21 17:46:16.783 [http-nio-52001-exec-3] INFO  c.l.w.interceptor.WmTokenInterceptor - WmUserLocalUtil - 清理
2023-08-21 17:46:18.336 [http-nio-52001-exec-4] INFO  c.l.w.interceptor.WmTokenInterceptor - 将用户id：1102 设置到WmUserLocalUtil中
2023-08-21 17:46:18.344 [http-nio-52001-exec-4] INFO  c.l.w.interceptor.WmTokenInterceptor - WmUserLocalUtil - 清理
2023-08-21 17:46:19.045 [http-nio-52001-exec-6] INFO  c.l.w.interceptor.WmTokenInterceptor - 将用户id：1102 设置到WmUserLocalUtil中
2023-08-21 17:46:19.074 [http-nio-52001-exec-6] INFO  c.l.w.interceptor.WmTokenInterceptor - WmUserLocalUtil - 清理
2023-08-21 17:46:20.643 [http-nio-52001-exec-8] INFO  c.l.w.interceptor.WmTokenInterceptor - 将用户id：1102 设置到WmUserLocalUtil中
2023-08-21 17:46:20.644 [http-nio-52001-exec-7] INFO  c.l.w.interceptor.WmTokenInterceptor - 将用户id：1102 设置到WmUserLocalUtil中
2023-08-21 17:46:20.650 [http-nio-52001-exec-7] INFO  c.l.w.interceptor.WmTokenInterceptor - WmUserLocalUtil - 清理
2023-08-21 17:46:20.651 [http-nio-52001-exec-8] INFO  c.l.w.interceptor.WmTokenInterceptor - WmUserLocalUtil - 清理
2023-08-21 17:46:22.127 [http-nio-52001-exec-9] INFO  c.l.w.interceptor.WmTokenInterceptor - 将用户id：1102 设置到WmUserLocalUtil中
2023-08-21 17:46:22.250 [http-nio-52001-exec-9] INFO  c.l.w.interceptor.WmTokenInterceptor - WmUserLocalUtil - 清理
2023-08-21 17:46:22.301 [http-nio-52001-exec-10] INFO  c.l.w.interceptor.WmTokenInterceptor - 将用户id：1102 设置到WmUserLocalUtil中
2023-08-21 17:46:22.301 [http-nio-52001-exec-1] INFO  c.l.w.interceptor.WmTokenInterceptor - 将用户id：1102 设置到WmUserLocalUtil中
2023-08-21 17:46:22.304 [http-nio-52001-exec-1] INFO  c.l.w.interceptor.WmTokenInterceptor - WmUserLocalUtil - 清理
2023-08-21 17:46:22.318 [http-nio-52001-exec-10] INFO  c.l.w.interceptor.WmTokenInterceptor - WmUserLocalUtil - 清理
2023-08-21 17:46:35.160 [http-nio-52001-exec-2] INFO  c.l.w.interceptor.WmTokenInterceptor - 将用户id：1102 设置到WmUserLocalUtil中
2023-08-21 17:46:35.168 [http-nio-52001-exec-2] INFO  c.l.w.interceptor.WmTokenInterceptor - WmUserLocalUtil - 清理
2023-08-21 17:46:37.575 [http-nio-52001-exec-5] INFO  c.l.w.interceptor.WmTokenInterceptor - 将用户id：1102 设置到WmUserLocalUtil中
2023-08-21 17:46:37.580 [http-nio-52001-exec-3] INFO  c.l.w.interceptor.WmTokenInterceptor - 将用户id：1102 设置到WmUserLocalUtil中
2023-08-21 17:46:37.588 [http-nio-52001-exec-3] INFO  c.l.w.interceptor.WmTokenInterceptor - WmUserLocalUtil - 清理
2023-08-21 17:46:37.598 [http-nio-52001-exec-5] INFO  c.l.w.interceptor.WmTokenInterceptor - WmUserLocalUtil - 清理
2023-08-21 18:16:18.520 [HikariPool-1 housekeeper] WARN  com.zaxxer.hikari.pool.HikariPool - HikariPool-1 - Thread starvation or clock leap detected (housekeeper delta=15m10s819ms).
2023-08-21 18:17:05.769 [com.alibaba.nacos.client.remote.worker] INFO  c.alibaba.nacos.common.remote.client - [a507ae4f-0afe-46b1-8ee1-2880e7ca1bfa] Server healthy check fail, currentConnection = 1692521214530_10.211.55.2_52578
2023-08-21 18:17:05.769 [com.alibaba.nacos.client.remote.worker] INFO  c.alibaba.nacos.common.remote.client - [161c1036-6f1e-4657-9c15-0c230df31417_config-0] Server healthy check fail, currentConnection = 1692521206823_10.211.55.2_52547
2023-08-21 18:17:05.774 [com.alibaba.nacos.client.remote.worker] INFO  c.alibaba.nacos.common.remote.client - [161c1036-6f1e-4657-9c15-0c230df31417_config-0] Try to reconnect to a new server, server is  not appointed, will choose a random server.
2023-08-21 18:17:05.774 [com.alibaba.nacos.client.remote.worker] INFO  c.alibaba.nacos.common.remote.client - [a507ae4f-0afe-46b1-8ee1-2880e7ca1bfa] Try to reconnect to a new server, server is  not appointed, will choose a random server.
2023-08-21 18:17:05.775 [com.alibaba.nacos.client.remote.worker] INFO  c.a.n.c.r.client.grpc.GrpcClient - grpc client connection server:10.211.55.8 ip,serverPort:9848,grpcTslConfig:{"sslProvider":"OPENSSL","enableTls":false,"mutualAuthEnable":false,"trustAll":false}
2023-08-21 18:17:05.775 [com.alibaba.nacos.client.remote.worker] INFO  c.a.n.c.r.client.grpc.GrpcClient - grpc client connection server:10.211.55.8 ip,serverPort:9848,grpcTslConfig:{"sslProvider":"OPENSSL","enableTls":false,"mutualAuthEnable":false,"trustAll":false}
2023-08-21 18:17:08.790 [com.alibaba.nacos.client.remote.worker] ERROR c.a.n.c.r.client.grpc.GrpcClient - Server check fail, please check server 10.211.55.8 ,port 9848 is available , error ={}
java.util.concurrent.TimeoutException: Waited 3000 milliseconds (plus 6 milliseconds, 682334 nanoseconds delay) for com.alibaba.nacos.shaded.io.grpc.stub.ClientCalls$GrpcFuture@7715316[status=PENDING, info=[GrpcFuture{clientCall=PendingCall{realCall=ClientCallImpl{method=MethodDescriptor{fullMethodName=Request/request, type=UNARY, idempotent=false, safe=false, sampledToLocalTracing=true, requestMarshaller=com.alibaba.nacos.shaded.io.grpc.protobuf.lite.ProtoLiteUtils$MessageMarshaller@de0704f, responseMarshaller=com.alibaba.nacos.shaded.io.grpc.protobuf.lite.ProtoLiteUtils$MessageMarshaller@ff46c8f, schemaDescriptor=com.alibaba.nacos.api.grpc.auto.RequestGrpc$RequestMethodDescriptorSupplier@60d58b8f}}}}]]
	at com.alibaba.nacos.shaded.com.google.common.util.concurrent.AbstractFuture.get(AbstractFuture.java:508)
	at com.alibaba.nacos.common.remote.client.grpc.GrpcClient.serverCheck(GrpcClient.java:218)
	at com.alibaba.nacos.common.remote.client.grpc.GrpcClient.connectToServer(GrpcClient.java:329)
	at com.alibaba.nacos.common.remote.client.RpcClient.reconnect(RpcClient.java:502)
	at com.alibaba.nacos.common.remote.client.RpcClient.lambda$start$2(RpcClient.java:343)
	at java.base/java.util.concurrent.Executors$RunnableAdapter.call(Executors.java:539)
	at java.base/java.util.concurrent.FutureTask.run(FutureTask.java:264)
	at java.base/java.util.concurrent.ScheduledThreadPoolExecutor$ScheduledFutureTask.run(ScheduledThreadPoolExecutor.java:304)
	at java.base/java.util.concurrent.ThreadPoolExecutor.runWorker(ThreadPoolExecutor.java:1136)
	at java.base/java.util.concurrent.ThreadPoolExecutor$Worker.run(ThreadPoolExecutor.java:635)
	at java.base/java.lang.Thread.run(Thread.java:833)
2023-08-21 18:17:08.800 [com.alibaba.nacos.client.remote.worker] ERROR c.a.n.c.r.client.grpc.GrpcClient - Server check fail, please check server 10.211.55.8 ,port 9848 is available , error ={}
java.util.concurrent.TimeoutException: Waited 3000 milliseconds (plus 9 milliseconds, 352250 nanoseconds delay) for com.alibaba.nacos.shaded.io.grpc.stub.ClientCalls$GrpcFuture@7876662a[status=PENDING, info=[GrpcFuture{clientCall=PendingCall{realCall=ClientCallImpl{method=MethodDescriptor{fullMethodName=Request/request, type=UNARY, idempotent=false, safe=false, sampledToLocalTracing=true, requestMarshaller=com.alibaba.nacos.shaded.io.grpc.protobuf.lite.ProtoLiteUtils$MessageMarshaller@de0704f, responseMarshaller=com.alibaba.nacos.shaded.io.grpc.protobuf.lite.ProtoLiteUtils$MessageMarshaller@ff46c8f, schemaDescriptor=com.alibaba.nacos.api.grpc.auto.RequestGrpc$RequestMethodDescriptorSupplier@60d58b8f}}}}]]
	at com.alibaba.nacos.shaded.com.google.common.util.concurrent.AbstractFuture.get(AbstractFuture.java:508)
	at com.alibaba.nacos.common.remote.client.grpc.GrpcClient.serverCheck(GrpcClient.java:218)
	at com.alibaba.nacos.common.remote.client.grpc.GrpcClient.connectToServer(GrpcClient.java:329)
	at com.alibaba.nacos.common.remote.client.RpcClient.reconnect(RpcClient.java:502)
	at com.alibaba.nacos.common.remote.client.RpcClient.lambda$start$2(RpcClient.java:343)
	at java.base/java.util.concurrent.Executors$RunnableAdapter.call(Executors.java:539)
	at java.base/java.util.concurrent.FutureTask.run(FutureTask.java:264)
	at java.base/java.util.concurrent.ScheduledThreadPoolExecutor$ScheduledFutureTask.run(ScheduledThreadPoolExecutor.java:304)
	at java.base/java.util.concurrent.ThreadPoolExecutor.runWorker(ThreadPoolExecutor.java:1136)
	at java.base/java.util.concurrent.ThreadPoolExecutor$Worker.run(ThreadPoolExecutor.java:635)
	at java.base/java.lang.Thread.run(Thread.java:833)
2023-08-21 18:17:08.919 [com.alibaba.nacos.client.remote.worker] INFO  c.a.n.c.r.client.grpc.GrpcClient - grpc client connection server:10.211.55.8 ip,serverPort:9848,grpcTslConfig:{"sslProvider":"OPENSSL","enableTls":false,"mutualAuthEnable":false,"trustAll":false}
2023-08-21 18:17:08.919 [com.alibaba.nacos.client.remote.worker] INFO  c.a.n.c.r.client.grpc.GrpcClient - grpc client connection server:10.211.55.8 ip,serverPort:9848,grpcTslConfig:{"sslProvider":"OPENSSL","enableTls":false,"mutualAuthEnable":false,"trustAll":false}
2023-08-21 18:17:11.924 [com.alibaba.nacos.client.remote.worker] ERROR c.a.n.c.r.client.grpc.GrpcClient - Server check fail, please check server 10.211.55.8 ,port 9848 is available , error ={}
java.util.concurrent.TimeoutException: Waited 3000 milliseconds (plus 1 milliseconds, 316250 nanoseconds delay) for com.alibaba.nacos.shaded.io.grpc.stub.ClientCalls$GrpcFuture@2a941ac9[status=PENDING, info=[GrpcFuture{clientCall=PendingCall{realCall=ClientCallImpl{method=MethodDescriptor{fullMethodName=Request/request, type=UNARY, idempotent=false, safe=false, sampledToLocalTracing=true, requestMarshaller=com.alibaba.nacos.shaded.io.grpc.protobuf.lite.ProtoLiteUtils$MessageMarshaller@de0704f, responseMarshaller=com.alibaba.nacos.shaded.io.grpc.protobuf.lite.ProtoLiteUtils$MessageMarshaller@ff46c8f, schemaDescriptor=com.alibaba.nacos.api.grpc.auto.RequestGrpc$RequestMethodDescriptorSupplier@60d58b8f}}}}]]
	at com.alibaba.nacos.shaded.com.google.common.util.concurrent.AbstractFuture.get(AbstractFuture.java:508)
	at com.alibaba.nacos.common.remote.client.grpc.GrpcClient.serverCheck(GrpcClient.java:218)
	at com.alibaba.nacos.common.remote.client.grpc.GrpcClient.connectToServer(GrpcClient.java:329)
	at com.alibaba.nacos.common.remote.client.RpcClient.reconnect(RpcClient.java:502)
	at com.alibaba.nacos.common.remote.client.RpcClient.lambda$start$2(RpcClient.java:343)
	at java.base/java.util.concurrent.Executors$RunnableAdapter.call(Executors.java:539)
	at java.base/java.util.concurrent.FutureTask.run(FutureTask.java:264)
	at java.base/java.util.concurrent.ScheduledThreadPoolExecutor$ScheduledFutureTask.run(ScheduledThreadPoolExecutor.java:304)
	at java.base/java.util.concurrent.ThreadPoolExecutor.runWorker(ThreadPoolExecutor.java:1136)
	at java.base/java.util.concurrent.ThreadPoolExecutor$Worker.run(ThreadPoolExecutor.java:635)
	at java.base/java.lang.Thread.run(Thread.java:833)
2023-08-21 18:17:11.925 [com.alibaba.nacos.client.remote.worker] ERROR c.a.n.c.r.client.grpc.GrpcClient - Server check fail, please check server 10.211.55.8 ,port 9848 is available , error ={}
java.util.concurrent.TimeoutException: Waited 3000 milliseconds (plus 2 milliseconds, 115833 nanoseconds delay) for com.alibaba.nacos.shaded.io.grpc.stub.ClientCalls$GrpcFuture@66349ea0[status=PENDING, info=[GrpcFuture{clientCall=PendingCall{realCall=ClientCallImpl{method=MethodDescriptor{fullMethodName=Request/request, type=UNARY, idempotent=false, safe=false, sampledToLocalTracing=true, requestMarshaller=com.alibaba.nacos.shaded.io.grpc.protobuf.lite.ProtoLiteUtils$MessageMarshaller@de0704f, responseMarshaller=com.alibaba.nacos.shaded.io.grpc.protobuf.lite.ProtoLiteUtils$MessageMarshaller@ff46c8f, schemaDescriptor=com.alibaba.nacos.api.grpc.auto.RequestGrpc$RequestMethodDescriptorSupplier@60d58b8f}}}}]]
	at com.alibaba.nacos.shaded.com.google.common.util.concurrent.AbstractFuture.get(AbstractFuture.java:508)
	at com.alibaba.nacos.common.remote.client.grpc.GrpcClient.serverCheck(GrpcClient.java:218)
	at com.alibaba.nacos.common.remote.client.grpc.GrpcClient.connectToServer(GrpcClient.java:329)
	at com.alibaba.nacos.common.remote.client.RpcClient.reconnect(RpcClient.java:502)
	at com.alibaba.nacos.common.remote.client.RpcClient.lambda$start$2(RpcClient.java:343)
	at java.base/java.util.concurrent.Executors$RunnableAdapter.call(Executors.java:539)
	at java.base/java.util.concurrent.FutureTask.run(FutureTask.java:264)
	at java.base/java.util.concurrent.ScheduledThreadPoolExecutor$ScheduledFutureTask.run(ScheduledThreadPoolExecutor.java:304)
	at java.base/java.util.concurrent.ThreadPoolExecutor.runWorker(ThreadPoolExecutor.java:1136)
	at java.base/java.util.concurrent.ThreadPoolExecutor$Worker.run(ThreadPoolExecutor.java:635)
	at java.base/java.lang.Thread.run(Thread.java:833)
2023-08-21 18:17:11.927 [com.alibaba.nacos.client.remote.worker] INFO  c.alibaba.nacos.common.remote.client - [161c1036-6f1e-4657-9c15-0c230df31417_config-0] Fail to connect server, after trying 1 times, last try server is {serverIp = '10.211.55.8', server main port = 8848}, error = unknown
2023-08-21 18:17:11.928 [com.alibaba.nacos.client.remote.worker] INFO  c.alibaba.nacos.common.remote.client - [a507ae4f-0afe-46b1-8ee1-2880e7ca1bfa] Fail to connect server, after trying 1 times, last try server is {serverIp = '10.211.55.8', server main port = 8848}, error = unknown
2023-08-21 18:17:12.129 [com.alibaba.nacos.client.remote.worker] INFO  c.a.n.c.r.client.grpc.GrpcClient - grpc client connection server:10.211.55.8 ip,serverPort:9848,grpcTslConfig:{"sslProvider":"OPENSSL","enableTls":false,"mutualAuthEnable":false,"trustAll":false}
2023-08-21 18:17:12.132 [com.alibaba.nacos.client.remote.worker] INFO  c.a.n.c.r.client.grpc.GrpcClient - grpc client connection server:10.211.55.8 ip,serverPort:9848,grpcTslConfig:{"sslProvider":"OPENSSL","enableTls":false,"mutualAuthEnable":false,"trustAll":false}
2023-08-21 18:17:15.138 [com.alibaba.nacos.client.remote.worker] ERROR c.a.n.c.r.client.grpc.GrpcClient - Server check fail, please check server 10.211.55.8 ,port 9848 is available , error ={}
java.util.concurrent.TimeoutException: Waited 3000 milliseconds (plus 4 milliseconds, 816041 nanoseconds delay) for com.alibaba.nacos.shaded.io.grpc.stub.ClientCalls$GrpcFuture@3d4f7b74[status=PENDING, info=[GrpcFuture{clientCall=PendingCall{realCall=ClientCallImpl{method=MethodDescriptor{fullMethodName=Request/request, type=UNARY, idempotent=false, safe=false, sampledToLocalTracing=true, requestMarshaller=com.alibaba.nacos.shaded.io.grpc.protobuf.lite.ProtoLiteUtils$MessageMarshaller@de0704f, responseMarshaller=com.alibaba.nacos.shaded.io.grpc.protobuf.lite.ProtoLiteUtils$MessageMarshaller@ff46c8f, schemaDescriptor=com.alibaba.nacos.api.grpc.auto.RequestGrpc$RequestMethodDescriptorSupplier@60d58b8f}}}}]]
	at com.alibaba.nacos.shaded.com.google.common.util.concurrent.AbstractFuture.get(AbstractFuture.java:508)
	at com.alibaba.nacos.common.remote.client.grpc.GrpcClient.serverCheck(GrpcClient.java:218)
	at com.alibaba.nacos.common.remote.client.grpc.GrpcClient.connectToServer(GrpcClient.java:329)
	at com.alibaba.nacos.common.remote.client.RpcClient.reconnect(RpcClient.java:502)
	at com.alibaba.nacos.common.remote.client.RpcClient.lambda$start$2(RpcClient.java:343)
	at java.base/java.util.concurrent.Executors$RunnableAdapter.call(Executors.java:539)
	at java.base/java.util.concurrent.FutureTask.run(FutureTask.java:264)
	at java.base/java.util.concurrent.ScheduledThreadPoolExecutor$ScheduledFutureTask.run(ScheduledThreadPoolExecutor.java:304)
	at java.base/java.util.concurrent.ThreadPoolExecutor.runWorker(ThreadPoolExecutor.java:1136)
	at java.base/java.util.concurrent.ThreadPoolExecutor$Worker.run(ThreadPoolExecutor.java:635)
	at java.base/java.lang.Thread.run(Thread.java:833)
2023-08-21 18:17:15.140 [com.alibaba.nacos.client.remote.worker] INFO  c.alibaba.nacos.common.remote.client - [a507ae4f-0afe-46b1-8ee1-2880e7ca1bfa] Fail to connect server, after trying 2 times, last try server is {serverIp = '10.211.55.8', server main port = 8848}, error = unknown
2023-08-21 18:17:15.141 [com.alibaba.nacos.client.remote.worker] ERROR c.a.n.c.r.client.grpc.GrpcClient - Server check fail, please check server 10.211.55.8 ,port 9848 is available , error ={}
java.util.concurrent.TimeoutException: Waited 3000 milliseconds (plus 7 milliseconds, 211417 nanoseconds delay) for com.alibaba.nacos.shaded.io.grpc.stub.ClientCalls$GrpcFuture@7095429b[status=PENDING, info=[GrpcFuture{clientCall=PendingCall{realCall=ClientCallImpl{method=MethodDescriptor{fullMethodName=Request/request, type=UNARY, idempotent=false, safe=false, sampledToLocalTracing=true, requestMarshaller=com.alibaba.nacos.shaded.io.grpc.protobuf.lite.ProtoLiteUtils$MessageMarshaller@de0704f, responseMarshaller=com.alibaba.nacos.shaded.io.grpc.protobuf.lite.ProtoLiteUtils$MessageMarshaller@ff46c8f, schemaDescriptor=com.alibaba.nacos.api.grpc.auto.RequestGrpc$RequestMethodDescriptorSupplier@60d58b8f}}}}]]
	at com.alibaba.nacos.shaded.com.google.common.util.concurrent.AbstractFuture.get(AbstractFuture.java:508)
	at com.alibaba.nacos.common.remote.client.grpc.GrpcClient.serverCheck(GrpcClient.java:218)
	at com.alibaba.nacos.common.remote.client.grpc.GrpcClient.connectToServer(GrpcClient.java:329)
	at com.alibaba.nacos.common.remote.client.RpcClient.reconnect(RpcClient.java:502)
	at com.alibaba.nacos.common.remote.client.RpcClient.lambda$start$2(RpcClient.java:343)
	at java.base/java.util.concurrent.Executors$RunnableAdapter.call(Executors.java:539)
	at java.base/java.util.concurrent.FutureTask.run(FutureTask.java:264)
	at java.base/java.util.concurrent.ScheduledThreadPoolExecutor$ScheduledFutureTask.run(ScheduledThreadPoolExecutor.java:304)
	at java.base/java.util.concurrent.ThreadPoolExecutor.runWorker(ThreadPoolExecutor.java:1136)
	at java.base/java.util.concurrent.ThreadPoolExecutor$Worker.run(ThreadPoolExecutor.java:635)
	at java.base/java.lang.Thread.run(Thread.java:833)
2023-08-21 18:17:15.142 [com.alibaba.nacos.client.remote.worker] INFO  c.alibaba.nacos.common.remote.client - [161c1036-6f1e-4657-9c15-0c230df31417_config-0] Fail to connect server, after trying 2 times, last try server is {serverIp = '10.211.55.8', server main port = 8848}, error = unknown
2023-08-21 18:17:15.444 [com.alibaba.nacos.client.remote.worker] INFO  c.a.n.c.r.client.grpc.GrpcClient - grpc client connection server:10.211.55.8 ip,serverPort:9848,grpcTslConfig:{"sslProvider":"OPENSSL","enableTls":false,"mutualAuthEnable":false,"trustAll":false}
2023-08-21 18:17:15.497 [com.alibaba.nacos.client.remote.worker] INFO  c.a.n.c.r.client.grpc.GrpcClient - grpc client connection server:10.211.55.8 ip,serverPort:9848,grpcTslConfig:{"sslProvider":"OPENSSL","enableTls":false,"mutualAuthEnable":false,"trustAll":false}
2023-08-21 18:17:18.455 [com.alibaba.nacos.client.remote.worker] ERROR c.a.n.c.r.client.grpc.GrpcClient - Server check fail, please check server 10.211.55.8 ,port 9848 is available , error ={}
java.util.concurrent.TimeoutException: Waited 3000 milliseconds (plus 7 milliseconds, 513584 nanoseconds delay) for com.alibaba.nacos.shaded.io.grpc.stub.ClientCalls$GrpcFuture@1484d78f[status=PENDING, info=[GrpcFuture{clientCall=PendingCall{realCall=ClientCallImpl{method=MethodDescriptor{fullMethodName=Request/request, type=UNARY, idempotent=false, safe=false, sampledToLocalTracing=true, requestMarshaller=com.alibaba.nacos.shaded.io.grpc.protobuf.lite.ProtoLiteUtils$MessageMarshaller@de0704f, responseMarshaller=com.alibaba.nacos.shaded.io.grpc.protobuf.lite.ProtoLiteUtils$MessageMarshaller@ff46c8f, schemaDescriptor=com.alibaba.nacos.api.grpc.auto.RequestGrpc$RequestMethodDescriptorSupplier@60d58b8f}}}}]]
	at com.alibaba.nacos.shaded.com.google.common.util.concurrent.AbstractFuture.get(AbstractFuture.java:508)
	at com.alibaba.nacos.common.remote.client.grpc.GrpcClient.serverCheck(GrpcClient.java:218)
	at com.alibaba.nacos.common.remote.client.grpc.GrpcClient.connectToServer(GrpcClient.java:329)
	at com.alibaba.nacos.common.remote.client.RpcClient.reconnect(RpcClient.java:502)
	at com.alibaba.nacos.common.remote.client.RpcClient.lambda$start$2(RpcClient.java:343)
	at java.base/java.util.concurrent.Executors$RunnableAdapter.call(Executors.java:539)
	at java.base/java.util.concurrent.FutureTask.run(FutureTask.java:264)
	at java.base/java.util.concurrent.ScheduledThreadPoolExecutor$ScheduledFutureTask.run(ScheduledThreadPoolExecutor.java:304)
	at java.base/java.util.concurrent.ThreadPoolExecutor.runWorker(ThreadPoolExecutor.java:1136)
	at java.base/java.util.concurrent.ThreadPoolExecutor$Worker.run(ThreadPoolExecutor.java:635)
	at java.base/java.lang.Thread.run(Thread.java:833)
2023-08-21 18:17:18.456 [com.alibaba.nacos.client.remote.worker] INFO  c.alibaba.nacos.common.remote.client - [a507ae4f-0afe-46b1-8ee1-2880e7ca1bfa] Fail to connect server, after trying 3 times, last try server is {serverIp = '10.211.55.8', server main port = 8848}, error = unknown
2023-08-21 18:17:18.508 [com.alibaba.nacos.client.remote.worker] ERROR c.a.n.c.r.client.grpc.GrpcClient - Server check fail, please check server 10.211.55.8 ,port 9848 is available , error ={}
java.util.concurrent.TimeoutException: Waited 3000 milliseconds (plus 10 milliseconds, 38500 nanoseconds delay) for com.alibaba.nacos.shaded.io.grpc.stub.ClientCalls$GrpcFuture@117a69a1[status=PENDING, info=[GrpcFuture{clientCall=PendingCall{realCall=ClientCallImpl{method=MethodDescriptor{fullMethodName=Request/request, type=UNARY, idempotent=false, safe=false, sampledToLocalTracing=true, requestMarshaller=com.alibaba.nacos.shaded.io.grpc.protobuf.lite.ProtoLiteUtils$MessageMarshaller@de0704f, responseMarshaller=com.alibaba.nacos.shaded.io.grpc.protobuf.lite.ProtoLiteUtils$MessageMarshaller@ff46c8f, schemaDescriptor=com.alibaba.nacos.api.grpc.auto.RequestGrpc$RequestMethodDescriptorSupplier@60d58b8f}}}}]]
	at com.alibaba.nacos.shaded.com.google.common.util.concurrent.AbstractFuture.get(AbstractFuture.java:508)
	at com.alibaba.nacos.common.remote.client.grpc.GrpcClient.serverCheck(GrpcClient.java:218)
	at com.alibaba.nacos.common.remote.client.grpc.GrpcClient.connectToServer(GrpcClient.java:329)
	at com.alibaba.nacos.common.remote.client.RpcClient.reconnect(RpcClient.java:502)
	at com.alibaba.nacos.common.remote.client.RpcClient.lambda$start$2(RpcClient.java:343)
	at java.base/java.util.concurrent.Executors$RunnableAdapter.call(Executors.java:539)
	at java.base/java.util.concurrent.FutureTask.run(FutureTask.java:264)
	at java.base/java.util.concurrent.ScheduledThreadPoolExecutor$ScheduledFutureTask.run(ScheduledThreadPoolExecutor.java:304)
	at java.base/java.util.concurrent.ThreadPoolExecutor.runWorker(ThreadPoolExecutor.java:1136)
	at java.base/java.util.concurrent.ThreadPoolExecutor$Worker.run(ThreadPoolExecutor.java:635)
	at java.base/java.lang.Thread.run(Thread.java:833)
2023-08-21 18:17:18.509 [com.alibaba.nacos.client.remote.worker] INFO  c.alibaba.nacos.common.remote.client - [161c1036-6f1e-4657-9c15-0c230df31417_config-0] Fail to connect server, after trying 3 times, last try server is {serverIp = '10.211.55.8', server main port = 8848}, error = unknown
2023-08-21 18:17:18.861 [com.alibaba.nacos.client.remote.worker] INFO  c.a.n.c.r.client.grpc.GrpcClient - grpc client connection server:10.211.55.8 ip,serverPort:9848,grpcTslConfig:{"sslProvider":"OPENSSL","enableTls":false,"mutualAuthEnable":false,"trustAll":false}
2023-08-21 18:17:18.919 [com.alibaba.nacos.client.remote.worker] INFO  c.a.n.c.r.client.grpc.GrpcClient - grpc client connection server:10.211.55.8 ip,serverPort:9848,grpcTslConfig:{"sslProvider":"OPENSSL","enableTls":false,"mutualAuthEnable":false,"trustAll":false}
2023-08-21 18:17:21.871 [com.alibaba.nacos.client.remote.worker] ERROR c.a.n.c.r.client.grpc.GrpcClient - Server check fail, please check server 10.211.55.8 ,port 9848 is available , error ={}
java.util.concurrent.TimeoutException: Waited 3000 milliseconds (plus 7 milliseconds, 80583 nanoseconds delay) for com.alibaba.nacos.shaded.io.grpc.stub.ClientCalls$GrpcFuture@7459e547[status=PENDING, info=[GrpcFuture{clientCall=PendingCall{realCall=ClientCallImpl{method=MethodDescriptor{fullMethodName=Request/request, type=UNARY, idempotent=false, safe=false, sampledToLocalTracing=true, requestMarshaller=com.alibaba.nacos.shaded.io.grpc.protobuf.lite.ProtoLiteUtils$MessageMarshaller@de0704f, responseMarshaller=com.alibaba.nacos.shaded.io.grpc.protobuf.lite.ProtoLiteUtils$MessageMarshaller@ff46c8f, schemaDescriptor=com.alibaba.nacos.api.grpc.auto.RequestGrpc$RequestMethodDescriptorSupplier@60d58b8f}}}}]]
	at com.alibaba.nacos.shaded.com.google.common.util.concurrent.AbstractFuture.get(AbstractFuture.java:508)
	at com.alibaba.nacos.common.remote.client.grpc.GrpcClient.serverCheck(GrpcClient.java:218)
	at com.alibaba.nacos.common.remote.client.grpc.GrpcClient.connectToServer(GrpcClient.java:329)
	at com.alibaba.nacos.common.remote.client.RpcClient.reconnect(RpcClient.java:502)
	at com.alibaba.nacos.common.remote.client.RpcClient.lambda$start$2(RpcClient.java:343)
	at java.base/java.util.concurrent.Executors$RunnableAdapter.call(Executors.java:539)
	at java.base/java.util.concurrent.FutureTask.run(FutureTask.java:264)
	at java.base/java.util.concurrent.ScheduledThreadPoolExecutor$ScheduledFutureTask.run(ScheduledThreadPoolExecutor.java:304)
	at java.base/java.util.concurrent.ThreadPoolExecutor.runWorker(ThreadPoolExecutor.java:1136)
	at java.base/java.util.concurrent.ThreadPoolExecutor$Worker.run(ThreadPoolExecutor.java:635)
	at java.base/java.lang.Thread.run(Thread.java:833)
2023-08-21 18:17:21.872 [com.alibaba.nacos.client.remote.worker] INFO  c.alibaba.nacos.common.remote.client - [a507ae4f-0afe-46b1-8ee1-2880e7ca1bfa] Fail to connect server, after trying 4 times, last try server is {serverIp = '10.211.55.8', server main port = 8848}, error = unknown
2023-08-21 18:17:21.927 [com.alibaba.nacos.client.remote.worker] ERROR c.a.n.c.r.client.grpc.GrpcClient - Server check fail, please check server 10.211.55.8 ,port 9848 is available , error ={}
java.util.concurrent.TimeoutException: Waited 3000 milliseconds (plus 5 milliseconds, 415334 nanoseconds delay) for com.alibaba.nacos.shaded.io.grpc.stub.ClientCalls$GrpcFuture@5660cae0[status=PENDING, info=[GrpcFuture{clientCall=PendingCall{realCall=ClientCallImpl{method=MethodDescriptor{fullMethodName=Request/request, type=UNARY, idempotent=false, safe=false, sampledToLocalTracing=true, requestMarshaller=com.alibaba.nacos.shaded.io.grpc.protobuf.lite.ProtoLiteUtils$MessageMarshaller@de0704f, responseMarshaller=com.alibaba.nacos.shaded.io.grpc.protobuf.lite.ProtoLiteUtils$MessageMarshaller@ff46c8f, schemaDescriptor=com.alibaba.nacos.api.grpc.auto.RequestGrpc$RequestMethodDescriptorSupplier@60d58b8f}}}}]]
	at com.alibaba.nacos.shaded.com.google.common.util.concurrent.AbstractFuture.get(AbstractFuture.java:508)
	at com.alibaba.nacos.common.remote.client.grpc.GrpcClient.serverCheck(GrpcClient.java:218)
	at com.alibaba.nacos.common.remote.client.grpc.GrpcClient.connectToServer(GrpcClient.java:329)
	at com.alibaba.nacos.common.remote.client.RpcClient.reconnect(RpcClient.java:502)
	at com.alibaba.nacos.common.remote.client.RpcClient.lambda$start$2(RpcClient.java:343)
	at java.base/java.util.concurrent.Executors$RunnableAdapter.call(Executors.java:539)
	at java.base/java.util.concurrent.FutureTask.run(FutureTask.java:264)
	at java.base/java.util.concurrent.ScheduledThreadPoolExecutor$ScheduledFutureTask.run(ScheduledThreadPoolExecutor.java:304)
	at java.base/java.util.concurrent.ThreadPoolExecutor.runWorker(ThreadPoolExecutor.java:1136)
	at java.base/java.util.concurrent.ThreadPoolExecutor$Worker.run(ThreadPoolExecutor.java:635)
	at java.base/java.lang.Thread.run(Thread.java:833)
2023-08-21 18:17:21.929 [com.alibaba.nacos.client.remote.worker] INFO  c.alibaba.nacos.common.remote.client - [161c1036-6f1e-4657-9c15-0c230df31417_config-0] Fail to connect server, after trying 4 times, last try server is {serverIp = '10.211.55.8', server main port = 8848}, error = unknown
2023-08-21 18:33:20.660 [com.alibaba.nacos.client.remote.worker] INFO  c.a.n.c.r.client.grpc.GrpcClient - grpc client connection server:10.211.55.8 ip,serverPort:9848,grpcTslConfig:{"sslProvider":"OPENSSL","enableTls":false,"mutualAuthEnable":false,"trustAll":false}
2023-08-21 18:33:20.719 [com.alibaba.nacos.client.remote.worker] INFO  c.a.n.c.r.client.grpc.GrpcClient - grpc client connection server:10.211.55.8 ip,serverPort:9848,grpcTslConfig:{"sslProvider":"OPENSSL","enableTls":false,"mutualAuthEnable":false,"trustAll":false}
2023-08-21 18:33:21.928 [com.alibaba.nacos.client.remote.worker] INFO  c.alibaba.nacos.common.remote.client - [161c1036-6f1e-4657-9c15-0c230df31417_config-0] Success to connect a server [10.211.55.8:8848], connectionId = 1692525982776_10.211.55.2_56009
2023-08-21 18:33:21.928 [com.alibaba.nacos.client.remote.worker] INFO  c.alibaba.nacos.common.remote.client - [161c1036-6f1e-4657-9c15-0c230df31417_config-0] Abandon prev connection, server is 10.211.55.8:8848, connectionId is 1692521206823_10.211.55.2_52547
2023-08-21 18:33:21.928 [com.alibaba.nacos.client.remote.worker] INFO  c.alibaba.nacos.common.remote.client - Close current connection 1692521206823_10.211.55.2_52547
2023-08-21 18:33:21.929 [nacos-grpc-client-executor-10.211.55.8-1297] WARN  c.a.n.c.r.client.grpc.GrpcClient - [1692521206823_10.211.55.2_52547]Ignore error event,isRunning:true,isAbandon=true
2023-08-21 18:33:21.929 [com.alibaba.nacos.client.remote.worker] INFO  c.alibaba.nacos.common.remote.client - [161c1036-6f1e-4657-9c15-0c230df31417_config-0] Notify disconnected event to listeners
2023-08-21 18:33:21.930 [com.alibaba.nacos.client.remote.worker] INFO  c.alibaba.nacos.common.remote.client - [a507ae4f-0afe-46b1-8ee1-2880e7ca1bfa] Success to connect a server [10.211.55.8:8848], connectionId = 1692525982773_10.211.55.2_56007
2023-08-21 18:33:21.930 [com.alibaba.nacos.client.remote.worker] INFO  c.alibaba.nacos.common.remote.client - [a507ae4f-0afe-46b1-8ee1-2880e7ca1bfa] Abandon prev connection, server is 10.211.55.8:8848, connectionId is 1692521214530_10.211.55.2_52578
2023-08-21 18:33:21.930 [com.alibaba.nacos.client.remote.worker] INFO  c.a.n.c.config.impl.ClientWorker - [161c1036-6f1e-4657-9c15-0c230df31417_config-0] DisConnected,clear listen context...
2023-08-21 18:33:21.930 [com.alibaba.nacos.client.remote.worker] INFO  c.alibaba.nacos.common.remote.client - Close current connection 1692521214530_10.211.55.2_52578
2023-08-21 18:33:21.930 [com.alibaba.nacos.client.remote.worker] INFO  c.alibaba.nacos.common.remote.client - [161c1036-6f1e-4657-9c15-0c230df31417_config-0] Notify connected event to listeners.
2023-08-21 18:33:21.930 [com.alibaba.nacos.client.remote.worker] INFO  c.a.n.c.config.impl.ClientWorker - [161c1036-6f1e-4657-9c15-0c230df31417_config-0] Connected,notify listen context...
2023-08-21 18:33:21.930 [nacos-grpc-client-executor-10.211.55.8-1296] WARN  c.a.n.c.r.client.grpc.GrpcClient - [1692521214530_10.211.55.2_52578]Ignore error event,isRunning:true,isAbandon=true
2023-08-21 18:33:21.931 [com.alibaba.nacos.client.remote.worker] INFO  c.alibaba.nacos.common.remote.client - [a507ae4f-0afe-46b1-8ee1-2880e7ca1bfa] Notify disconnected event to listeners
2023-08-21 18:33:21.931 [com.alibaba.nacos.client.remote.worker] WARN  com.alibaba.nacos.client.naming - Grpc connection disconnect, mark to redo
2023-08-21 18:33:21.934 [com.alibaba.nacos.client.remote.worker] WARN  com.alibaba.nacos.client.naming - mark to redo completed
2023-08-21 18:33:21.935 [com.alibaba.nacos.client.remote.worker] INFO  c.alibaba.nacos.common.remote.client - [a507ae4f-0afe-46b1-8ee1-2880e7ca1bfa] Notify connected event to listeners.
2023-08-21 18:33:21.935 [com.alibaba.nacos.client.remote.worker] INFO  com.alibaba.nacos.client.naming - Grpc connection connect
2023-08-21 18:33:24.416 [com.alibaba.nacos.client.naming.grpc.redo.0] INFO  com.alibaba.nacos.client.naming - Redo instance operation REGISTER for DEFAULT_GROUP@@leadnews-wemedia
2023-08-21 18:33:31.630 [HikariPool-1 housekeeper] WARN  com.zaxxer.hikari.pool.HikariPool - HikariPool-1 - Thread starvation or clock leap detected (housekeeper delta=16m28s286ms).
2023-08-21 19:05:21.621 [HikariPool-1 housekeeper] WARN  com.zaxxer.hikari.pool.HikariPool - HikariPool-1 - Thread starvation or clock leap detected (housekeeper delta=31m19s993ms).
2023-08-21 19:17:04.239 [HikariPool-1 housekeeper] WARN  com.zaxxer.hikari.pool.HikariPool - HikariPool-1 - Thread starvation or clock leap detected (housekeeper delta=11m42s618ms).
2023-08-21 19:19:45.223 [Thread-1] WARN  c.a.n.c.http.HttpClientBeanHolder - [HttpClientBeanHolder] Start destroying common HttpClient
2023-08-21 19:19:45.223 [Thread-7] WARN  c.a.nacos.common.notify.NotifyCenter - [NotifyCenter] Start destroying Publisher
2023-08-21 19:19:45.224 [Thread-7] WARN  c.a.nacos.common.notify.NotifyCenter - [NotifyCenter] Destruction of the end
2023-08-21 19:19:45.225 [Thread-1] WARN  c.a.n.c.http.HttpClientBeanHolder - [HttpClientBeanHolder] Destruction of the end
2023-08-21 19:19:46.246 [SpringApplicationShutdownHook] INFO  c.a.c.n.r.NacosServiceRegistry - De-registering from Nacos Server now...
2023-08-21 19:19:46.246 [SpringApplicationShutdownHook] INFO  com.alibaba.nacos.client.naming - [DEREGISTER-SERVICE] 4e85b1a4-8d96-4c12-8631-7c0473ed1614 deregistering service leadnews-wemedia with instance: Instance{instanceId='null', ip='192.168.10.4', port=52001, weight=1.0, healthy=true, enabled=true, ephemeral=true, clusterName='DEFAULT', serviceName='null', metadata={}}
2023-08-21 19:19:46.251 [SpringApplicationShutdownHook] INFO  c.a.c.n.r.NacosServiceRegistry - De-registration finished.
2023-08-21 19:19:46.251 [SpringApplicationShutdownHook] INFO  com.alibaba.nacos.client.naming - com.alibaba.nacos.client.naming.cache.ServiceInfoHolder do shutdown begin
2023-08-21 19:19:46.252 [SpringApplicationShutdownHook] INFO  com.alibaba.nacos.client.naming - com.alibaba.nacos.client.naming.backups.FailoverReactor do shutdown begin
2023-08-21 19:19:46.252 [SpringApplicationShutdownHook] INFO  com.alibaba.nacos.client.naming - com.alibaba.nacos.client.naming.backups.FailoverReactor do shutdown stop
2023-08-21 19:19:46.252 [SpringApplicationShutdownHook] INFO  com.alibaba.nacos.client.naming - com.alibaba.nacos.client.naming.cache.ServiceInfoHolder do shutdown stop
2023-08-21 19:19:46.252 [SpringApplicationShutdownHook] INFO  com.alibaba.nacos.client.naming - com.alibaba.nacos.client.naming.remote.NamingClientProxyDelegate do shutdown begin
2023-08-21 19:19:46.252 [SpringApplicationShutdownHook] INFO  com.alibaba.nacos.client.naming - com.alibaba.nacos.client.naming.core.ServiceInfoUpdateService do shutdown begin
2023-08-21 19:19:46.252 [SpringApplicationShutdownHook] INFO  com.alibaba.nacos.client.naming - com.alibaba.nacos.client.naming.core.ServiceInfoUpdateService do shutdown stop
2023-08-21 19:19:46.252 [SpringApplicationShutdownHook] INFO  com.alibaba.nacos.client.naming - com.alibaba.nacos.client.naming.core.ServerListManager do shutdown begin
2023-08-21 19:19:46.252 [SpringApplicationShutdownHook] WARN  com.alibaba.nacos.client.naming - [NamingHttpClientManager] Start destroying NacosRestTemplate
2023-08-21 19:19:46.252 [SpringApplicationShutdownHook] WARN  com.alibaba.nacos.client.naming - [NamingHttpClientManager] Destruction of the end
2023-08-21 19:19:46.252 [SpringApplicationShutdownHook] INFO  com.alibaba.nacos.client.naming - com.alibaba.nacos.client.naming.core.ServerListManager do shutdown stop
2023-08-21 19:19:46.252 [SpringApplicationShutdownHook] INFO  com.alibaba.nacos.client.naming - com.alibaba.nacos.client.naming.remote.http.NamingHttpClientProxy do shutdown begin
2023-08-21 19:19:46.252 [SpringApplicationShutdownHook] WARN  com.alibaba.nacos.client.naming - [NamingHttpClientManager] Start destroying NacosRestTemplate
2023-08-21 19:19:46.252 [SpringApplicationShutdownHook] WARN  com.alibaba.nacos.client.naming - [NamingHttpClientManager] Destruction of the end
2023-08-21 19:19:46.252 [SpringApplicationShutdownHook] INFO  com.alibaba.nacos.client.naming - com.alibaba.nacos.client.naming.remote.http.NamingHttpClientProxy do shutdown stop
2023-08-21 19:19:46.252 [SpringApplicationShutdownHook] INFO  c.alibaba.nacos.common.remote.client - Shutdown rpc client, set status to shutdown
2023-08-21 19:19:46.252 [SpringApplicationShutdownHook] INFO  c.alibaba.nacos.common.remote.client - Shutdown client event executor java.util.concurrent.ScheduledThreadPoolExecutor@5c2af2de[Running, pool size = 2, active threads = 2, queued tasks = 0, completed tasks = 0]
2023-08-21 19:19:46.252 [SpringApplicationShutdownHook] INFO  c.alibaba.nacos.common.remote.client - Close current connection 1692525982773_10.211.55.2_56007
2023-08-21 19:19:46.253 [SpringApplicationShutdownHook] INFO  c.a.n.c.r.client.grpc.GrpcClient - Shutdown grpc executor java.util.concurrent.ThreadPoolExecutor@7b0c8c68[Running, pool size = 5, active threads = 1, queued tasks = 0, completed tasks = 1372]
2023-08-21 19:19:46.253 [nacos-grpc-client-executor-10.211.55.8-1371] WARN  c.a.n.c.r.client.grpc.GrpcClient - [1692525982773_10.211.55.2_56007]Ignore error event,isRunning:false,isAbandon=false
2023-08-21 19:19:46.253 [SpringApplicationShutdownHook] INFO  com.alibaba.nacos.client.naming - Shutdown grpc redo service executor java.util.concurrent.ScheduledThreadPoolExecutor@4439fd35[Running, pool size = 1, active threads = 0, queued tasks = 1, completed tasks = 1552]
2023-08-21 19:19:46.254 [SpringApplicationShutdownHook] INFO  c.a.n.c.a.r.i.CredentialWatcher - [null] CredentialWatcher is stopped
2023-08-21 19:19:46.254 [SpringApplicationShutdownHook] INFO  c.a.n.c.a.r.i.CredentialService - [null] CredentialService is freed
2023-08-21 19:19:46.254 [SpringApplicationShutdownHook] INFO  com.alibaba.nacos.client.naming - com.alibaba.nacos.client.naming.remote.NamingClientProxyDelegate do shutdown stop
2023-08-21 19:19:46.256 [SpringApplicationShutdownHook] INFO  com.zaxxer.hikari.HikariDataSource - HikariPool-1 - Shutdown initiated...
2023-08-21 19:19:46.261 [SpringApplicationShutdownHook] INFO  com.zaxxer.hikari.HikariDataSource - HikariPool-1 - Shutdown completed.
