2023-08-29 04:07:46.653 [main] WARN  c.a.n.client.logging.NacosLogging - Load Logback Configuration of Nacos fail, message: Could not initialize Logback Nacos logging from classpath:nacos-logback.xml
2023-08-29 04:07:46.660 [background-preinit] INFO  o.h.validator.internal.util.Version - HV000001: Hibernate Validator 8.0.0.Final
2023-08-29 04:07:46.698 [main] WARN  c.a.n.client.logging.NacosLogging - Load Logback Configuration of Nacos fail, message: Could not initialize Logback Nacos logging from classpath:nacos-logback.xml
2023-08-29 04:07:46.818 [main] WARN  c.a.n.client.logging.NacosLogging - Load Logback Configuration of Nacos fail, message: Could not initialize Logback Nacos logging from classpath:nacos-logback.xml
2023-08-29 04:07:46.819 [main] INFO  c.a.nacos.client.utils.ParamUtil - [settings] [req-serv] nacos-server port:8848
2023-08-29 04:07:46.820 [main] INFO  c.a.nacos.client.utils.ParamUtil - [settings] [http-client] connect timeout:1000
2023-08-29 04:07:46.820 [main] INFO  c.a.nacos.client.utils.ParamUtil - PER_TASK_CONFIG_SIZE: 3000.0
2023-08-29 04:07:46.837 [main] INFO  c.a.n.p.a.s.c.ClientAuthPluginManager - [ClientAuthPluginManager] Load ClientAuthService com.alibaba.nacos.client.auth.impl.NacosClientAuthServiceImpl success.
2023-08-29 04:07:46.837 [main] INFO  c.a.n.p.a.s.c.ClientAuthPluginManager - [ClientAuthPluginManager] Load ClientAuthService com.alibaba.nacos.client.auth.ram.RamClientAuthServiceImpl success.
2023-08-29 04:07:46.855 [main] INFO  c.a.n.c.a.r.i.CredentialWatcher - null No credential found
2023-08-29 04:07:46.927 [main] WARN  c.a.n.client.logging.NacosLogging - Load Logback Configuration of Nacos fail, message: Could not initialize Logback Nacos logging from classpath:nacos-logback.xml
2023-08-29 04:07:46.938 [main] INFO  c.a.n.c.c.i.LocalConfigInfoProcessor - LOCAL_SNAPSHOT_PATH:/Users/lihaohui/nacos/config
2023-08-29 04:07:46.941 [main] INFO  c.alibaba.nacos.common.remote.client - [RpcClientFactory] create a new rpc client of 5548a69d-3ae3-445e-b915-2faacd7583dd_config-0
2023-08-29 04:07:46.952 [main] INFO  c.alibaba.nacos.common.remote.client - [5548a69d-3ae3-445e-b915-2faacd7583dd_config-0] Register server push request handler:com.alibaba.nacos.client.config.impl.ClientWorker$ConfigRpcTransportClient$$Lambda$563/0x0000000800f67d88
2023-08-29 04:07:46.952 [main] INFO  c.alibaba.nacos.common.remote.client - [5548a69d-3ae3-445e-b915-2faacd7583dd_config-0] Register server push request handler:com.alibaba.nacos.client.config.impl.ClientWorker$ConfigRpcTransportClient$$Lambda$564/0x0000000800f68208
2023-08-29 04:07:46.952 [main] INFO  c.alibaba.nacos.common.remote.client - [5548a69d-3ae3-445e-b915-2faacd7583dd_config-0] Registry connection listener to current client:com.alibaba.nacos.client.config.impl.ClientWorker$ConfigRpcTransportClient$1
2023-08-29 04:07:46.953 [main] INFO  c.alibaba.nacos.common.remote.client - [5548a69d-3ae3-445e-b915-2faacd7583dd_config-0] RpcClient init, ServerListFactory = com.alibaba.nacos.client.config.impl.ClientWorker$ConfigRpcTransportClient$2
2023-08-29 04:07:46.957 [main] INFO  c.alibaba.nacos.common.remote.client - [5548a69d-3ae3-445e-b915-2faacd7583dd_config-0] Try to connect to server on start up, server: {serverIp = '10.211.55.8', server main port = 8848}
2023-08-29 04:07:46.979 [main] INFO  c.a.n.c.r.client.grpc.GrpcClient - grpc client connection server:10.211.55.8 ip,serverPort:9848,grpcTslConfig:{"sslProvider":"OPENSSL","enableTls":false,"mutualAuthEnable":false,"trustAll":false}
2023-08-29 04:07:47.443 [main] INFO  c.alibaba.nacos.common.remote.client - [5548a69d-3ae3-445e-b915-2faacd7583dd_config-0] Success to connect to server [10.211.55.8:8848] on start up, connectionId = 1693236246619_10.211.55.2_60384
2023-08-29 04:07:47.444 [com.alibaba.nacos.client.remote.worker] INFO  c.alibaba.nacos.common.remote.client - [5548a69d-3ae3-445e-b915-2faacd7583dd_config-0] Notify connected event to listeners.
2023-08-29 04:07:47.444 [com.alibaba.nacos.client.remote.worker] INFO  c.a.n.c.config.impl.ClientWorker - [5548a69d-3ae3-445e-b915-2faacd7583dd_config-0] Connected,notify listen context...
2023-08-29 04:07:47.444 [main] INFO  c.alibaba.nacos.common.remote.client - [5548a69d-3ae3-445e-b915-2faacd7583dd_config-0] Register server push request handler:com.alibaba.nacos.common.remote.client.RpcClient$ConnectResetRequestHandler
2023-08-29 04:07:47.444 [main] INFO  c.alibaba.nacos.common.remote.client - [5548a69d-3ae3-445e-b915-2faacd7583dd_config-0] Register server push request handler:com.alibaba.nacos.common.remote.client.RpcClient$$Lambda$596/0x0000000801104660
2023-08-29 04:07:47.474 [main] INFO  c.a.nacos.client.config.impl.Limiter - limitTime:5.0
2023-08-29 04:07:47.486 [main] INFO  c.a.n.client.config.utils.JvmUtil - isMultiInstance:false
2023-08-29 04:07:47.495 [main] WARN  c.a.c.n.c.NacosPropertySourceBuilder - Ignore the empty nacos configuration and get it based on dataId[leadnews-user.yml] & group[DEFAULT_GROUP]
2023-08-29 04:07:47.495 [main] INFO  o.s.c.b.c.PropertySourceBootstrapConfiguration - Located property source: [BootstrapPropertySource {name='bootstrapProperties-leadnews-user.yml,DEFAULT_GROUP'}, BootstrapPropertySource {name='bootstrapProperties-leadnews-user,DEFAULT_GROUP'}]
2023-08-29 04:07:47.498 [main] WARN  c.a.n.client.logging.NacosLogging - Load Logback Configuration of Nacos fail, message: Could not initialize Logback Nacos logging from classpath:nacos-logback.xml
2023-08-29 04:07:47.498 [main] INFO  com.leadnews.user.UserApplication - No active profile set, falling back to 1 default profile: "default"
2023-08-29 04:07:47.942 [main] INFO  o.s.cloud.context.scope.GenericScope - BeanFactory id=3ef13ff9-f737-3e55-9c70-a12069e05d2b
2023-08-29 04:07:48.226 [main] INFO  o.s.b.w.e.tomcat.TomcatWebServer - Tomcat initialized with port(s): 51801 (http)
2023-08-29 04:07:48.233 [main] INFO  o.a.coyote.http11.Http11NioProtocol - Initializing ProtocolHandler ["http-nio-51801"]
2023-08-29 04:07:48.233 [main] INFO  o.a.catalina.core.StandardService - Starting service [Tomcat]
2023-08-29 04:07:48.233 [main] INFO  o.a.catalina.core.StandardEngine - Starting Servlet engine: [Apache Tomcat/10.1.5]
2023-08-29 04:07:48.293 [main] INFO  o.a.c.c.C.[Tomcat].[localhost].[/] - Initializing Spring embedded WebApplicationContext
2023-08-29 04:07:48.293 [main] INFO  o.s.b.w.s.c.ServletWebServerApplicationContext - Root WebApplicationContext: initialization completed in 787 ms
2023-08-29 04:07:48.998 [main] WARN  o.s.c.l.c.LoadBalancerCacheAutoConfiguration$LoadBalancerCaffeineWarnLogger - Spring Cloud LoadBalancer is currently working with the default cache. While this cache implementation is useful for development and tests, it's recommended to use Caffeine cache in production.You can switch to using Caffeine cache, by adding it and org.springframework.cache.caffeine.CaffeineCacheManager to the classpath.
2023-08-29 04:07:49.027 [main] INFO  o.a.coyote.http11.Http11NioProtocol - Starting ProtocolHandler ["http-nio-51801"]
2023-08-29 04:07:49.033 [main] INFO  o.s.b.w.e.tomcat.TomcatWebServer - Tomcat started on port(s): 51801 (http) with context path ''
2023-08-29 04:07:49.035 [main] INFO  com.alibaba.nacos.client.naming - initializer namespace from ans.namespace attribute : null
2023-08-29 04:07:49.035 [main] INFO  com.alibaba.nacos.client.naming - initializer namespace from ALIBABA_ALIWARE_NAMESPACE attribute :null
2023-08-29 04:07:49.036 [main] INFO  com.alibaba.nacos.client.naming - initializer namespace from namespace attribute :null
2023-08-29 04:07:49.040 [main] INFO  c.a.n.p.a.s.c.ClientAuthPluginManager - [ClientAuthPluginManager] Load ClientAuthService com.alibaba.nacos.client.auth.impl.NacosClientAuthServiceImpl success.
2023-08-29 04:07:49.040 [main] INFO  c.a.n.p.a.s.c.ClientAuthPluginManager - [ClientAuthPluginManager] Load ClientAuthService com.alibaba.nacos.client.auth.ram.RamClientAuthServiceImpl success.
2023-08-29 04:07:49.041 [main] INFO  c.alibaba.nacos.common.remote.client - [RpcClientFactory] create a new rpc client of 59d733de-1d41-4516-b017-32610e3e36d8
2023-08-29 04:07:49.042 [main] INFO  c.alibaba.nacos.common.remote.client - [59d733de-1d41-4516-b017-32610e3e36d8] RpcClient init, ServerListFactory = com.alibaba.nacos.client.naming.core.ServerListManager
2023-08-29 04:07:49.042 [main] INFO  c.alibaba.nacos.common.remote.client - [59d733de-1d41-4516-b017-32610e3e36d8] Registry connection listener to current client:com.alibaba.nacos.client.naming.remote.gprc.redo.NamingGrpcRedoService
2023-08-29 04:07:49.042 [main] INFO  c.alibaba.nacos.common.remote.client - [59d733de-1d41-4516-b017-32610e3e36d8] Register server push request handler:com.alibaba.nacos.client.naming.remote.gprc.NamingPushRequestHandler
2023-08-29 04:07:49.042 [main] INFO  c.alibaba.nacos.common.remote.client - [59d733de-1d41-4516-b017-32610e3e36d8] Try to connect to server on start up, server: {serverIp = '10.211.55.8', server main port = 8848}
2023-08-29 04:07:49.042 [main] INFO  c.a.n.c.r.client.grpc.GrpcClient - grpc client connection server:10.211.55.8 ip,serverPort:9848,grpcTslConfig:{"sslProvider":"OPENSSL","enableTls":false,"mutualAuthEnable":false,"trustAll":false}
2023-08-29 04:07:49.167 [main] INFO  c.alibaba.nacos.common.remote.client - [59d733de-1d41-4516-b017-32610e3e36d8] Success to connect to server [10.211.55.8:8848] on start up, connectionId = 1693236248526_10.211.55.2_60419
2023-08-29 04:07:49.168 [main] INFO  c.alibaba.nacos.common.remote.client - [59d733de-1d41-4516-b017-32610e3e36d8] Register server push request handler:com.alibaba.nacos.common.remote.client.RpcClient$ConnectResetRequestHandler
2023-08-29 04:07:49.168 [com.alibaba.nacos.client.remote.worker] INFO  c.alibaba.nacos.common.remote.client - [59d733de-1d41-4516-b017-32610e3e36d8] Notify connected event to listeners.
2023-08-29 04:07:49.168 [main] INFO  c.alibaba.nacos.common.remote.client - [59d733de-1d41-4516-b017-32610e3e36d8] Register server push request handler:com.alibaba.nacos.common.remote.client.RpcClient$$Lambda$596/0x0000000801104660
2023-08-29 04:07:49.168 [com.alibaba.nacos.client.remote.worker] INFO  com.alibaba.nacos.client.naming - Grpc connection connect
2023-08-29 04:07:49.169 [main] INFO  com.alibaba.nacos.client.naming - [REGISTER-SERVICE] 4e85b1a4-8d96-4c12-8631-7c0473ed1614 registering service leadnews-user with instance Instance{instanceId='null', ip='192.168.10.4', port=51801, weight=1.0, healthy=true, enabled=true, ephemeral=true, clusterName='DEFAULT', serviceName='null', metadata={IPv6=[2409:8a55:d910:5304:5907:2f68:7193:279], preserved.register.source=SPRING_CLOUD}}
2023-08-29 04:07:49.181 [main] INFO  c.a.c.n.r.NacosServiceRegistry - nacos registry, DEFAULT_GROUP leadnews-user 192.168.10.4:51801 register finished
2023-08-29 04:07:49.195 [main] INFO  com.leadnews.user.UserApplication - Started UserApplication in 2.767 seconds (process running for 3.154)
2023-08-29 04:07:49.198 [main] INFO  c.a.n.client.config.impl.CacheData - nacos.cache.data.init.snapshot = true 
2023-08-29 04:07:49.198 [main] INFO  c.a.n.c.config.impl.ClientWorker - [fixed-4e85b1a4-8d96-4c12-8631-7c0473ed1614-10.211.55.8_8848] [subscribe] leadnews-user+DEFAULT_GROUP+4e85b1a4-8d96-4c12-8631-7c0473ed1614
2023-08-29 04:07:49.203 [main] INFO  c.a.n.client.config.impl.CacheData - [fixed-4e85b1a4-8d96-4c12-8631-7c0473ed1614-10.211.55.8_8848] [add-listener] ok, tenant=4e85b1a4-8d96-4c12-8631-7c0473ed1614, dataId=leadnews-user, group=DEFAULT_GROUP, cnt=1
2023-08-29 04:07:49.203 [main] INFO  c.a.c.n.r.NacosContextRefresher - [Nacos Config] Listening config: dataId=leadnews-user, group=DEFAULT_GROUP
2023-08-29 04:07:49.203 [main] INFO  c.a.n.c.config.impl.ClientWorker - [fixed-4e85b1a4-8d96-4c12-8631-7c0473ed1614-10.211.55.8_8848] [subscribe] leadnews-user.yml+DEFAULT_GROUP+4e85b1a4-8d96-4c12-8631-7c0473ed1614
2023-08-29 04:07:49.203 [main] INFO  c.a.n.client.config.impl.CacheData - [fixed-4e85b1a4-8d96-4c12-8631-7c0473ed1614-10.211.55.8_8848] [add-listener] ok, tenant=4e85b1a4-8d96-4c12-8631-7c0473ed1614, dataId=leadnews-user.yml, group=DEFAULT_GROUP, cnt=1
2023-08-29 04:07:49.203 [main] INFO  c.a.c.n.r.NacosContextRefresher - [Nacos Config] Listening config: dataId=leadnews-user.yml, group=DEFAULT_GROUP
2023-08-29 04:07:49.204 [main] INFO  com.leadnews.user.UserApplication - 
----------------------------------------------------------
	Application 'leadnews-user' is running! Access URLs:
	Local: 		http://localhost:51801
	External: 	http://127.0.0.1:51801
	Doc: 	http://127.0.0.1:51801/doc.html
----------------------------------------------------------
2023-08-29 04:11:33.493 [http-nio-51801-exec-1] INFO  o.a.c.c.C.[Tomcat].[localhost].[/] - Initializing Spring DispatcherServlet 'dispatcherServlet'
2023-08-29 04:11:33.493 [http-nio-51801-exec-1] INFO  o.s.web.servlet.DispatcherServlet - Initializing Servlet 'dispatcherServlet'
2023-08-29 04:11:33.518 [http-nio-51801-exec-1] INFO  o.s.web.servlet.DispatcherServlet - Completed initialization in 3 ms
2023-08-29 04:11:33.592 [http-nio-51801-exec-1] WARN  c.b.m.c.t.support.ReflectLambdaMeta - Unable to make field private final java.lang.Class java.lang.invoke.SerializedLambda.capturingClass accessible: module java.base does not "opens java.lang.invoke" to unnamed module @7714e963
2023-08-29 04:11:33.613 [http-nio-51801-exec-1] INFO  com.zaxxer.hikari.HikariDataSource - HikariPool-1 - Starting...
2023-08-29 04:11:33.765 [http-nio-51801-exec-1] INFO  com.zaxxer.hikari.pool.HikariPool - HikariPool-1 - Added connection com.mysql.cj.jdbc.ConnectionImpl@67b7bb9c
2023-08-29 04:11:33.765 [http-nio-51801-exec-1] INFO  com.zaxxer.hikari.HikariDataSource - HikariPool-1 - Start completed.
2023-08-29 04:50:56.261 [HikariPool-1 housekeeper] WARN  com.zaxxer.hikari.pool.HikariPool - HikariPool-1 - Thread starvation or clock leap detected (housekeeper delta=16m52s236ms).
